[debug] [2025-08-06T01:50:30.680Z] [Firebase Plugin] Activating Firebase extension.
[debug] [2025-08-06T01:50:41.684Z] [Firebase Plugin] requireAuthWrapper
[debug] [2025-08-06T01:50:41.688Z] > command requires scopes: ["email","openid","https://www.googleapis.com/auth/cloudplatformprojects.readonly","https://www.googleapis.com/auth/firebase","https://www.googleapis.com/auth/cloud-platform"]
[debug] [2025-08-06T01:50:41.689Z] > authorizing via signed-in user (reysau@gmail.com)
[debug] [2025-08-06T01:50:41.701Z] Checked if tokens are valid: true, expires at: 1754448494833
[debug] [2025-08-06T01:50:41.705Z] Checked if tokens are valid: true, expires at: 1754448494833
[debug] [2025-08-06T01:50:41.708Z] [Firebase Plugin] User found:  reysau@gmail.com
[info] [Firebase Plugin] (Core:Project) New user detected, fetching projects
[debug] [2025-08-06T01:50:41.712Z] Checked if tokens are valid: true, expires at: 1754448494833
[debug] [2025-08-06T01:50:41.717Z] >>> [apiv2][query] GET https://firebase.googleapis.com/v1beta1/projects pageSize=1000
[info] [Firebase Plugin] Starting Data Connect toolkit (version 2.10.1) on port 50003
[debug] [2025-08-06T01:50:42.960Z] 'fdc build' failed with error: Unable to build your Data Connect schema and connectors (exit code 1): E0805 18:50:42.953877    2404 cmd.go:43] Error loading data connect config: could not find dataconnect.yaml in `c:\Users\Harman\coding\personal-portfolio-nextjs\dataconnect`
 {"metadata":{"emulator":{"name":"dataconnect"},"message":"'fdc build' failed with error: Unable to build your Data Connect schema and connectors (exit code 1): E0805 18:50:42.953877    2404 cmd.go:43] Error loading data connect config: could not find dataconnect.yaml in `c:\\Users\\Harman\\coding\\personal-portfolio-nextjs\\dataconnect`\n"}}
[debug] [2025-08-06T01:50:42.961Z] Ignoring unsupported arg: auto_download {"metadata":{"emulator":{"name":"dataconnect"},"message":"Ignoring unsupported arg: auto_download"}}
[debug] [2025-08-06T01:50:42.961Z] Ignoring unsupported arg: port {"metadata":{"emulator":{"name":"dataconnect"},"message":"Ignoring unsupported arg: port"}}
[debug] [2025-08-06T01:50:42.962Z] Starting Data Connect Emulator with command {"binary":"C:\\Users\\Harman\\.cache\\firebase\\emulators\\dataconnect-emulator-2.10.1.exe","args":["--logtostderr","-v=2","dev","--listen=localhost:50003","--config_dir=c:\\Users\\Harman\\coding\\personal-portfolio-nextjs\\dataconnect","--enable_output_schema_extensions=true","--enable_output_generated_sdk=true"],"optionalArgs":["listen","config_dir","enable_output_schema_extensions","enable_output_generated_sdk"],"joinArgs":true,"shell":false,"port":9399} {"metadata":{"emulator":{"name":"dataconnect"},"message":"Starting Data Connect Emulator with command {\"binary\":\"C:\\\\Users\\\\Harman\\\\.cache\\\\firebase\\\\emulators\\\\dataconnect-emulator-2.10.1.exe\",\"args\":[\"--logtostderr\",\"-v=2\",\"dev\",\"--listen=localhost:50003\",\"--config_dir=c:\\\\Users\\\\Harman\\\\coding\\\\personal-portfolio-nextjs\\\\dataconnect\",\"--enable_output_schema_extensions=true\",\"--enable_output_generated_sdk=true\"],\"optionalArgs\":[\"listen\",\"config_dir\",\"enable_output_schema_extensions\",\"enable_output_generated_sdk\"],\"joinArgs\":true,\"shell\":false,\"port\":9399}"}}
[info] i  dataconnect: Data Connect Emulator logging to dataconnect-debug.log {"metadata":{"emulator":{"name":"dataconnect"},"message":"Data Connect Emulator logging to \u001b[1mdataconnect-debug.log\u001b[22m"}}
[debug] [2025-08-06T01:50:43.006Z] E0805 18:50:43.001669    9044 load.go:23] Could not load config from "c:\\Users\\Harman\\coding\\personal-portfolio-nextjs\\dataconnect": could not find dataconnect.yaml in `c:\Users\Harman\coding\personal-portfolio-nextjs\dataconnect`
E0805 18:50:43.003866    9044 watch.go:76] watchAllDir unable to walk dir `c:\Users\Harman\coding\personal-portfolio-nextjs\dataconnect`: on path "c:\\Users\\Harman\\coding\\personal-portfolio-nextjs\\dataconnect" (DirEntry: <nil>): CreateFile c:\Users\Harman\coding\personal-portfolio-nextjs\dataconnect: The system cannot find the file specified.
 {"metadata":{"emulator":{"name":"dataconnect"},"message":"E0805 18:50:43.001669    9044 load.go:23] Could not load config from \"c:\\\\Users\\\\Harman\\\\coding\\\\personal-portfolio-nextjs\\\\dataconnect\": could not find dataconnect.yaml in `c:\\Users\\Harman\\coding\\personal-portfolio-nextjs\\dataconnect`\nE0805 18:50:43.003866    9044 watch.go:76] watchAllDir unable to walk dir `c:\\Users\\Harman\\coding\\personal-portfolio-nextjs\\dataconnect`: on path \"c:\\\\Users\\\\Harman\\\\coding\\\\personal-portfolio-nextjs\\\\dataconnect\" (DirEntry: <nil>): CreateFile c:\\Users\\Harman\\coding\\personal-portfolio-nextjs\\dataconnect: The system cannot find the file specified.\n"}}
[debug] [2025-08-06T01:50:43.024Z] I0805 18:50:43.020255    9044 dev.go:95] Listening on address (HTTP + gRPC): 127.0.0.1:50003
 {"metadata":{"emulator":{"name":"dataconnect"},"message":"I0805 18:50:43.020255    9044 dev.go:95] Listening on address (HTTP + gRPC): 127.0.0.1:50003\n"}}
[error] [Firebase Plugin] error:  {}
[debug] [2025-08-06T01:50:43.794Z] <<< [apiv2][status] GET https://firebase.googleapis.com/v1beta1/projects 200
[debug] [2025-08-06T01:50:43.795Z] <<< [apiv2][body] GET https://firebase.googleapis.com/v1beta1/projects [omitted]
[debug] [2025-08-06T01:50:53.005Z] E0805 18:50:53.005754    9044 load.go:23] Could not load config from "c:\\Users\\Harman\\coding\\personal-portfolio-nextjs\\dataconnect": could not find dataconnect.yaml in `c:\Users\Harman\coding\personal-portfolio-nextjs\dataconnect`
 {"metadata":{"emulator":{"name":"dataconnect"},"message":"E0805 18:50:53.005754    9044 load.go:23] Could not load config from \"c:\\\\Users\\\\Harman\\\\coding\\\\personal-portfolio-nextjs\\\\dataconnect\": could not find dataconnect.yaml in `c:\\Users\\Harman\\coding\\personal-portfolio-nextjs\\dataconnect`\n"}}
[debug] [2025-08-06T01:51:03.006Z] E0805 18:51:03.006071    9044 load.go:23] Could not load config from "c:\\Users\\Harman\\coding\\personal-portfolio-nextjs\\dataconnect": could not find dataconnect.yaml in `c:\Users\Harman\coding\personal-portfolio-nextjs\dataconnect`
 {"metadata":{"emulator":{"name":"dataconnect"},"message":"E0805 18:51:03.006071    9044 load.go:23] Could not load config from \"c:\\\\Users\\\\Harman\\\\coding\\\\personal-portfolio-nextjs\\\\dataconnect\": could not find dataconnect.yaml in `c:\\Users\\Harman\\coding\\personal-portfolio-nextjs\\dataconnect`\n"}}
[debug] [2025-08-06T01:51:13.005Z] E0805 18:51:13.005551    9044 load.go:23] Could not load config from "c:\\Users\\Harman\\coding\\personal-portfolio-nextjs\\dataconnect": could not find dataconnect.yaml in `c:\Users\Harman\coding\personal-portfolio-nextjs\dataconnect`
 {"metadata":{"emulator":{"name":"dataconnect"},"message":"E0805 18:51:13.005551    9044 load.go:23] Could not load config from \"c:\\\\Users\\\\Harman\\\\coding\\\\personal-portfolio-nextjs\\\\dataconnect\": could not find dataconnect.yaml in `c:\\Users\\Harman\\coding\\personal-portfolio-nextjs\\dataconnect`\n"}}
[debug] [2025-08-06T01:51:24.180Z] E0805 18:51:23.005692    9044 load.go:23] Could not load config from "c:\\Users\\Harman\\coding\\personal-portfolio-nextjs\\dataconnect": could not find dataconnect.yaml in `c:\Users\Harman\coding\personal-portfolio-nextjs\dataconnect`
 {"metadata":{"emulator":{"name":"dataconnect"},"message":"E0805 18:51:23.005692    9044 load.go:23] Could not load config from \"c:\\\\Users\\\\Harman\\\\coding\\\\personal-portfolio-nextjs\\\\dataconnect\": could not find dataconnect.yaml in `c:\\Users\\Harman\\coding\\personal-portfolio-nextjs\\dataconnect`\n"}}
[debug] [2025-08-06T01:51:33.005Z] E0805 18:51:33.005696    9044 load.go:23] Could not load config from "c:\\Users\\Harman\\coding\\personal-portfolio-nextjs\\dataconnect": could not find dataconnect.yaml in `c:\Users\Harman\coding\personal-portfolio-nextjs\dataconnect`
 {"metadata":{"emulator":{"name":"dataconnect"},"message":"E0805 18:51:33.005696    9044 load.go:23] Could not load config from \"c:\\\\Users\\\\Harman\\\\coding\\\\personal-portfolio-nextjs\\\\dataconnect\": could not find dataconnect.yaml in `c:\\Users\\Harman\\coding\\personal-portfolio-nextjs\\dataconnect`\n"}}
[debug] [2025-08-06T01:51:43.007Z] E0805 18:51:43.006939    9044 load.go:23] Could not load config from "c:\\Users\\Harman\\coding\\personal-portfolio-nextjs\\dataconnect": could not find dataconnect.yaml in `c:\Users\Harman\coding\personal-portfolio-nextjs\dataconnect`
 {"metadata":{"emulator":{"name":"dataconnect"},"message":"E0805 18:51:43.006939    9044 load.go:23] Could not load config from \"c:\\\\Users\\\\Harman\\\\coding\\\\personal-portfolio-nextjs\\\\dataconnect\": could not find dataconnect.yaml in `c:\\Users\\Harman\\coding\\personal-portfolio-nextjs\\dataconnect`\n"}}
[debug] [2025-08-06T01:51:53.011Z] E0805 18:51:53.011109    9044 load.go:23] Could not load config from "c:\\Users\\Harman\\coding\\personal-portfolio-nextjs\\dataconnect": could not find dataconnect.yaml in `c:\Users\Harman\coding\personal-portfolio-nextjs\dataconnect`
 {"metadata":{"emulator":{"name":"dataconnect"},"message":"E0805 18:51:53.011109    9044 load.go:23] Could not load config from \"c:\\\\Users\\\\Harman\\\\coding\\\\personal-portfolio-nextjs\\\\dataconnect\": could not find dataconnect.yaml in `c:\\Users\\Harman\\coding\\personal-portfolio-nextjs\\dataconnect`\n"}}
[debug] [2025-08-06T01:52:03.005Z] E0805 18:52:03.005642    9044 load.go:23] Could not load config from "c:\\Users\\Harman\\coding\\personal-portfolio-nextjs\\dataconnect": could not find dataconnect.yaml in `c:\Users\Harman\coding\personal-portfolio-nextjs\dataconnect`
 {"metadata":{"emulator":{"name":"dataconnect"},"message":"E0805 18:52:03.005642    9044 load.go:23] Could not load config from \"c:\\\\Users\\\\Harman\\\\coding\\\\personal-portfolio-nextjs\\\\dataconnect\": could not find dataconnect.yaml in `c:\\Users\\Harman\\coding\\personal-portfolio-nextjs\\dataconnect`\n"}}
[debug] [2025-08-06T01:52:13.005Z] E0805 18:52:13.005424    9044 load.go:23] Could not load config from "c:\\Users\\Harman\\coding\\personal-portfolio-nextjs\\dataconnect": could not find dataconnect.yaml in `c:\Users\Harman\coding\personal-portfolio-nextjs\dataconnect`
 {"metadata":{"emulator":{"name":"dataconnect"},"message":"E0805 18:52:13.005424    9044 load.go:23] Could not load config from \"c:\\\\Users\\\\Harman\\\\coding\\\\personal-portfolio-nextjs\\\\dataconnect\": could not find dataconnect.yaml in `c:\\Users\\Harman\\coding\\personal-portfolio-nextjs\\dataconnect`\n"}}
[debug] [2025-08-06T01:52:23.005Z] E0805 18:52:23.005579    9044 load.go:23] Could not load config from "c:\\Users\\Harman\\coding\\personal-portfolio-nextjs\\dataconnect": could not find dataconnect.yaml in `c:\Users\Harman\coding\personal-portfolio-nextjs\dataconnect`
 {"metadata":{"emulator":{"name":"dataconnect"},"message":"E0805 18:52:23.005579    9044 load.go:23] Could not load config from \"c:\\\\Users\\\\Harman\\\\coding\\\\personal-portfolio-nextjs\\\\dataconnect\": could not find dataconnect.yaml in `c:\\Users\\Harman\\coding\\personal-portfolio-nextjs\\dataconnect`\n"}}
[debug] [2025-08-06T01:52:33.005Z] E0805 18:52:33.005771    9044 load.go:23] Could not load config from "c:\\Users\\Harman\\coding\\personal-portfolio-nextjs\\dataconnect": could not find dataconnect.yaml in `c:\Users\Harman\coding\personal-portfolio-nextjs\dataconnect`
 {"metadata":{"emulator":{"name":"dataconnect"},"message":"E0805 18:52:33.005771    9044 load.go:23] Could not load config from \"c:\\\\Users\\\\Harman\\\\coding\\\\personal-portfolio-nextjs\\\\dataconnect\": could not find dataconnect.yaml in `c:\\Users\\Harman\\coding\\personal-portfolio-nextjs\\dataconnect`\n"}}
[debug] [2025-08-06T01:52:43.005Z] E0805 18:52:43.005074    9044 load.go:23] Could not load config from "c:\\Users\\Harman\\coding\\personal-portfolio-nextjs\\dataconnect": could not find dataconnect.yaml in `c:\Users\Harman\coding\personal-portfolio-nextjs\dataconnect`
E0805 18:52:43.005074    9044 watch.go:76] watchAllDir unable to walk dir `c:\Users\Harman\coding\personal-portfolio-nextjs\dataconnect`: on path "c:\\Users\\Harman\\coding\\personal-portfolio-nextjs\\dataconnect" (DirEntry: <nil>): CreateFile c:\Users\Harman\coding\personal-portfolio-nextjs\dataconnect: The system cannot find the file specified.
 {"metadata":{"emulator":{"name":"dataconnect"},"message":"E0805 18:52:43.005074    9044 load.go:23] Could not load config from \"c:\\\\Users\\\\Harman\\\\coding\\\\personal-portfolio-nextjs\\\\dataconnect\": could not find dataconnect.yaml in `c:\\Users\\Harman\\coding\\personal-portfolio-nextjs\\dataconnect`\nE0805 18:52:43.005074    9044 watch.go:76] watchAllDir unable to walk dir `c:\\Users\\Harman\\coding\\personal-portfolio-nextjs\\dataconnect`: on path \"c:\\\\Users\\\\Harman\\\\coding\\\\personal-portfolio-nextjs\\\\dataconnect\" (DirEntry: <nil>): CreateFile c:\\Users\\Harman\\coding\\personal-portfolio-nextjs\\dataconnect: The system cannot find the file specified.\n"}}
[debug] [2025-08-06T01:52:53.006Z] E0805 18:52:53.005763    9044 load.go:23] Could not load config from "c:\\Users\\Harman\\coding\\personal-portfolio-nextjs\\dataconnect": could not find dataconnect.yaml in `c:\Users\Harman\coding\personal-portfolio-nextjs\dataconnect`
 {"metadata":{"emulator":{"name":"dataconnect"},"message":"E0805 18:52:53.005763    9044 load.go:23] Could not load config from \"c:\\\\Users\\\\Harman\\\\coding\\\\personal-portfolio-nextjs\\\\dataconnect\": could not find dataconnect.yaml in `c:\\Users\\Harman\\coding\\personal-portfolio-nextjs\\dataconnect`\n"}}
[debug] [2025-08-06T01:53:03.005Z] E0805 18:53:03.005198    9044 load.go:23] Could not load config from "c:\\Users\\Harman\\coding\\personal-portfolio-nextjs\\dataconnect": could not find dataconnect.yaml in `c:\Users\Harman\coding\personal-portfolio-nextjs\dataconnect`
 {"metadata":{"emulator":{"name":"dataconnect"},"message":"E0805 18:53:03.005198    9044 load.go:23] Could not load config from \"c:\\\\Users\\\\Harman\\\\coding\\\\personal-portfolio-nextjs\\\\dataconnect\": could not find dataconnect.yaml in `c:\\Users\\Harman\\coding\\personal-portfolio-nextjs\\dataconnect`\n"}}
[debug] [2025-08-06T01:53:13.005Z] E0805 18:53:13.005526    9044 load.go:23] Could not load config from "c:\\Users\\Harman\\coding\\personal-portfolio-nextjs\\dataconnect": could not find dataconnect.yaml in `c:\Users\Harman\coding\personal-portfolio-nextjs\dataconnect`
 {"metadata":{"emulator":{"name":"dataconnect"},"message":"E0805 18:53:13.005526    9044 load.go:23] Could not load config from \"c:\\\\Users\\\\Harman\\\\coding\\\\personal-portfolio-nextjs\\\\dataconnect\": could not find dataconnect.yaml in `c:\\Users\\Harman\\coding\\personal-portfolio-nextjs\\dataconnect`\n"}}
[debug] [2025-08-06T01:53:23.005Z] E0805 18:53:23.005618    9044 load.go:23] Could not load config from "c:\\Users\\Harman\\coding\\personal-portfolio-nextjs\\dataconnect": could not find dataconnect.yaml in `c:\Users\Harman\coding\personal-portfolio-nextjs\dataconnect`
 {"metadata":{"emulator":{"name":"dataconnect"},"message":"E0805 18:53:23.005618    9044 load.go:23] Could not load config from \"c:\\\\Users\\\\Harman\\\\coding\\\\personal-portfolio-nextjs\\\\dataconnect\": could not find dataconnect.yaml in `c:\\Users\\Harman\\coding\\personal-portfolio-nextjs\\dataconnect`\n"}}
[debug] [2025-08-06T01:53:33.006Z] E0805 18:53:33.006041    9044 load.go:23] Could not load config from "c:\\Users\\Harman\\coding\\personal-portfolio-nextjs\\dataconnect": could not find dataconnect.yaml in `c:\Users\Harman\coding\personal-portfolio-nextjs\dataconnect`
 {"metadata":{"emulator":{"name":"dataconnect"},"message":"E0805 18:53:33.006041    9044 load.go:23] Could not load config from \"c:\\\\Users\\\\Harman\\\\coding\\\\personal-portfolio-nextjs\\\\dataconnect\": could not find dataconnect.yaml in `c:\\Users\\Harman\\coding\\personal-portfolio-nextjs\\dataconnect`\n"}}
[debug] [2025-08-06T01:53:43.007Z] E0805 18:53:43.006857    9044 load.go:23] Could not load config from "c:\\Users\\Harman\\coding\\personal-portfolio-nextjs\\dataconnect": could not find dataconnect.yaml in `c:\Users\Harman\coding\personal-portfolio-nextjs\dataconnect`
 {"metadata":{"emulator":{"name":"dataconnect"},"message":"E0805 18:53:43.006857    9044 load.go:23] Could not load config from \"c:\\\\Users\\\\Harman\\\\coding\\\\personal-portfolio-nextjs\\\\dataconnect\": could not find dataconnect.yaml in `c:\\Users\\Harman\\coding\\personal-portfolio-nextjs\\dataconnect`\n"}}
[debug] [2025-08-06T01:53:53.006Z] E0805 18:53:53.005999    9044 load.go:23] Could not load config from "c:\\Users\\Harman\\coding\\personal-portfolio-nextjs\\dataconnect": could not find dataconnect.yaml in `c:\Users\Harman\coding\personal-portfolio-nextjs\dataconnect`
 {"metadata":{"emulator":{"name":"dataconnect"},"message":"E0805 18:53:53.005999    9044 load.go:23] Could not load config from \"c:\\\\Users\\\\Harman\\\\coding\\\\personal-portfolio-nextjs\\\\dataconnect\": could not find dataconnect.yaml in `c:\\Users\\Harman\\coding\\personal-portfolio-nextjs\\dataconnect`\n"}}
[debug] [2025-08-06T01:54:03.007Z] E0805 18:54:03.006232    9044 load.go:23] Could not load config from "c:\\Users\\Harman\\coding\\personal-portfolio-nextjs\\dataconnect": could not find dataconnect.yaml in `c:\Users\Harman\coding\personal-portfolio-nextjs\dataconnect`
 {"metadata":{"emulator":{"name":"dataconnect"},"message":"E0805 18:54:03.006232    9044 load.go:23] Could not load config from \"c:\\\\Users\\\\Harman\\\\coding\\\\personal-portfolio-nextjs\\\\dataconnect\": could not find dataconnect.yaml in `c:\\Users\\Harman\\coding\\personal-portfolio-nextjs\\dataconnect`\n"}}
[debug] [2025-08-06T01:54:13.010Z] E0805 18:54:13.009694    9044 load.go:23] Could not load config from "c:\\Users\\Harman\\coding\\personal-portfolio-nextjs\\dataconnect": could not find dataconnect.yaml in `c:\Users\Harman\coding\personal-portfolio-nextjs\dataconnect`
 {"metadata":{"emulator":{"name":"dataconnect"},"message":"E0805 18:54:13.009694    9044 load.go:23] Could not load config from \"c:\\\\Users\\\\Harman\\\\coding\\\\personal-portfolio-nextjs\\\\dataconnect\": could not find dataconnect.yaml in `c:\\Users\\Harman\\coding\\personal-portfolio-nextjs\\dataconnect`\n"}}
[debug] [2025-08-06T01:54:23.006Z] E0805 18:54:23.005858    9044 load.go:23] Could not load config from "c:\\Users\\Harman\\coding\\personal-portfolio-nextjs\\dataconnect": could not find dataconnect.yaml in `c:\Users\Harman\coding\personal-portfolio-nextjs\dataconnect`
 {"metadata":{"emulator":{"name":"dataconnect"},"message":"E0805 18:54:23.005858    9044 load.go:23] Could not load config from \"c:\\\\Users\\\\Harman\\\\coding\\\\personal-portfolio-nextjs\\\\dataconnect\": could not find dataconnect.yaml in `c:\\Users\\Harman\\coding\\personal-portfolio-nextjs\\dataconnect`\n"}}
[debug] [2025-08-06T01:54:33.006Z] E0805 18:54:33.006069    9044 load.go:23] Could not load config from "c:\\Users\\Harman\\coding\\personal-portfolio-nextjs\\dataconnect": could not find dataconnect.yaml in `c:\Users\Harman\coding\personal-portfolio-nextjs\dataconnect`
 {"metadata":{"emulator":{"name":"dataconnect"},"message":"E0805 18:54:33.006069    9044 load.go:23] Could not load config from \"c:\\\\Users\\\\Harman\\\\coding\\\\personal-portfolio-nextjs\\\\dataconnect\": could not find dataconnect.yaml in `c:\\Users\\Harman\\coding\\personal-portfolio-nextjs\\dataconnect`\n"}}
[debug] [2025-08-06T01:54:43.005Z] E0805 18:54:43.005425    9044 load.go:23] Could not load config from "c:\\Users\\Harman\\coding\\personal-portfolio-nextjs\\dataconnect": could not find dataconnect.yaml in `c:\Users\Harman\coding\personal-portfolio-nextjs\dataconnect`
E0805 18:54:43.005932    9044 watch.go:76] watchAllDir unable to walk dir `c:\Users\Harman\coding\personal-portfolio-nextjs\dataconnect`: on path "c:\\Users\\Harman\\coding\\personal-portfolio-nextjs\\dataconnect" (DirEntry: <nil>): CreateFile c:\Users\Harman\coding\personal-portfolio-nextjs\dataconnect: The system cannot find the file specified.
 {"metadata":{"emulator":{"name":"dataconnect"},"message":"E0805 18:54:43.005425    9044 load.go:23] Could not load config from \"c:\\\\Users\\\\Harman\\\\coding\\\\personal-portfolio-nextjs\\\\dataconnect\": could not find dataconnect.yaml in `c:\\Users\\Harman\\coding\\personal-portfolio-nextjs\\dataconnect`\nE0805 18:54:43.005932    9044 watch.go:76] watchAllDir unable to walk dir `c:\\Users\\Harman\\coding\\personal-portfolio-nextjs\\dataconnect`: on path \"c:\\\\Users\\\\Harman\\\\coding\\\\personal-portfolio-nextjs\\\\dataconnect\" (DirEntry: <nil>): CreateFile c:\\Users\\Harman\\coding\\personal-portfolio-nextjs\\dataconnect: The system cannot find the file specified.\n"}}
[debug] [2025-08-06T01:54:53.006Z] E0805 18:54:53.005363    9044 load.go:23] Could not load config from "c:\\Users\\Harman\\coding\\personal-portfolio-nextjs\\dataconnect": could not find dataconnect.yaml in `c:\Users\Harman\coding\personal-portfolio-nextjs\dataconnect`
 {"metadata":{"emulator":{"name":"dataconnect"},"message":"E0805 18:54:53.005363    9044 load.go:23] Could not load config from \"c:\\\\Users\\\\Harman\\\\coding\\\\personal-portfolio-nextjs\\\\dataconnect\": could not find dataconnect.yaml in `c:\\Users\\Harman\\coding\\personal-portfolio-nextjs\\dataconnect`\n"}}
[debug] [2025-08-06T01:55:03.006Z] E0805 18:55:03.005815    9044 load.go:23] Could not load config from "c:\\Users\\Harman\\coding\\personal-portfolio-nextjs\\dataconnect": could not find dataconnect.yaml in `c:\Users\Harman\coding\personal-portfolio-nextjs\dataconnect`
 {"metadata":{"emulator":{"name":"dataconnect"},"message":"E0805 18:55:03.005815    9044 load.go:23] Could not load config from \"c:\\\\Users\\\\Harman\\\\coding\\\\personal-portfolio-nextjs\\\\dataconnect\": could not find dataconnect.yaml in `c:\\Users\\Harman\\coding\\personal-portfolio-nextjs\\dataconnect`\n"}}
[debug] [2025-08-06T01:55:13.005Z] E0805 18:55:13.005329    9044 load.go:23] Could not load config from "c:\\Users\\Harman\\coding\\personal-portfolio-nextjs\\dataconnect": could not find dataconnect.yaml in `c:\Users\Harman\coding\personal-portfolio-nextjs\dataconnect`
 {"metadata":{"emulator":{"name":"dataconnect"},"message":"E0805 18:55:13.005329    9044 load.go:23] Could not load config from \"c:\\\\Users\\\\Harman\\\\coding\\\\personal-portfolio-nextjs\\\\dataconnect\": could not find dataconnect.yaml in `c:\\Users\\Harman\\coding\\personal-portfolio-nextjs\\dataconnect`\n"}}
[debug] [2025-08-06T01:55:23.006Z] E0805 18:55:23.006216    9044 load.go:23] Could not load config from "c:\\Users\\Harman\\coding\\personal-portfolio-nextjs\\dataconnect": could not find dataconnect.yaml in `c:\Users\Harman\coding\personal-portfolio-nextjs\dataconnect`
 {"metadata":{"emulator":{"name":"dataconnect"},"message":"E0805 18:55:23.006216    9044 load.go:23] Could not load config from \"c:\\\\Users\\\\Harman\\\\coding\\\\personal-portfolio-nextjs\\\\dataconnect\": could not find dataconnect.yaml in `c:\\Users\\Harman\\coding\\personal-portfolio-nextjs\\dataconnect`\n"}}
[debug] [2025-08-06T01:55:33.008Z] E0805 18:55:33.009480    9044 load.go:23] Could not load config from "c:\\Users\\Harman\\coding\\personal-portfolio-nextjs\\dataconnect": could not find dataconnect.yaml in `c:\Users\Harman\coding\personal-portfolio-nextjs\dataconnect`
 {"metadata":{"emulator":{"name":"dataconnect"},"message":"E0805 18:55:33.009480    9044 load.go:23] Could not load config from \"c:\\\\Users\\\\Harman\\\\coding\\\\personal-portfolio-nextjs\\\\dataconnect\": could not find dataconnect.yaml in `c:\\Users\\Harman\\coding\\personal-portfolio-nextjs\\dataconnect`\n"}}
[debug] [2025-08-06T01:55:43.007Z] E0805 18:55:43.007895    9044 load.go:23] Could not load config from "c:\\Users\\Harman\\coding\\personal-portfolio-nextjs\\dataconnect": could not find dataconnect.yaml in `c:\Users\Harman\coding\personal-portfolio-nextjs\dataconnect`
 {"metadata":{"emulator":{"name":"dataconnect"},"message":"E0805 18:55:43.007895    9044 load.go:23] Could not load config from \"c:\\\\Users\\\\Harman\\\\coding\\\\personal-portfolio-nextjs\\\\dataconnect\": could not find dataconnect.yaml in `c:\\Users\\Harman\\coding\\personal-portfolio-nextjs\\dataconnect`\n"}}
[debug] [2025-08-06T01:55:53.005Z] E0805 18:55:53.006319    9044 load.go:23] Could not load config from "c:\\Users\\Harman\\coding\\personal-portfolio-nextjs\\dataconnect": could not find dataconnect.yaml in `c:\Users\Harman\coding\personal-portfolio-nextjs\dataconnect`
 {"metadata":{"emulator":{"name":"dataconnect"},"message":"E0805 18:55:53.006319    9044 load.go:23] Could not load config from \"c:\\\\Users\\\\Harman\\\\coding\\\\personal-portfolio-nextjs\\\\dataconnect\": could not find dataconnect.yaml in `c:\\Users\\Harman\\coding\\personal-portfolio-nextjs\\dataconnect`\n"}}
[debug] [2025-08-06T01:56:03.005Z] E0805 18:56:03.005643    9044 load.go:23] Could not load config from "c:\\Users\\Harman\\coding\\personal-portfolio-nextjs\\dataconnect": could not find dataconnect.yaml in `c:\Users\Harman\coding\personal-portfolio-nextjs\dataconnect`
 {"metadata":{"emulator":{"name":"dataconnect"},"message":"E0805 18:56:03.005643    9044 load.go:23] Could not load config from \"c:\\\\Users\\\\Harman\\\\coding\\\\personal-portfolio-nextjs\\\\dataconnect\": could not find dataconnect.yaml in `c:\\Users\\Harman\\coding\\personal-portfolio-nextjs\\dataconnect`\n"}}
[debug] [2025-08-06T01:56:13.005Z] E0805 18:56:13.005421    9044 load.go:23] Could not load config from "c:\\Users\\Harman\\coding\\personal-portfolio-nextjs\\dataconnect": could not find dataconnect.yaml in `c:\Users\Harman\coding\personal-portfolio-nextjs\dataconnect`
 {"metadata":{"emulator":{"name":"dataconnect"},"message":"E0805 18:56:13.005421    9044 load.go:23] Could not load config from \"c:\\\\Users\\\\Harman\\\\coding\\\\personal-portfolio-nextjs\\\\dataconnect\": could not find dataconnect.yaml in `c:\\Users\\Harman\\coding\\personal-portfolio-nextjs\\dataconnect`\n"}}
[debug] [2025-08-06T01:56:23.005Z] E0805 18:56:23.005528    9044 load.go:23] Could not load config from "c:\\Users\\Harman\\coding\\personal-portfolio-nextjs\\dataconnect": could not find dataconnect.yaml in `c:\Users\Harman\coding\personal-portfolio-nextjs\dataconnect`
 {"metadata":{"emulator":{"name":"dataconnect"},"message":"E0805 18:56:23.005528    9044 load.go:23] Could not load config from \"c:\\\\Users\\\\Harman\\\\coding\\\\personal-portfolio-nextjs\\\\dataconnect\": could not find dataconnect.yaml in `c:\\Users\\Harman\\coding\\personal-portfolio-nextjs\\dataconnect`\n"}}
[debug] [2025-08-06T01:56:33.007Z] E0805 18:56:33.007106    9044 load.go:23] Could not load config from "c:\\Users\\Harman\\coding\\personal-portfolio-nextjs\\dataconnect": could not find dataconnect.yaml in `c:\Users\Harman\coding\personal-portfolio-nextjs\dataconnect`
 {"metadata":{"emulator":{"name":"dataconnect"},"message":"E0805 18:56:33.007106    9044 load.go:23] Could not load config from \"c:\\\\Users\\\\Harman\\\\coding\\\\personal-portfolio-nextjs\\\\dataconnect\": could not find dataconnect.yaml in `c:\\Users\\Harman\\coding\\personal-portfolio-nextjs\\dataconnect`\n"}}
[debug] [2025-08-06T01:56:43.005Z] E0805 18:56:43.005443    9044 load.go:23] Could not load config from "c:\\Users\\Harman\\coding\\personal-portfolio-nextjs\\dataconnect": could not find dataconnect.yaml in `c:\Users\Harman\coding\personal-portfolio-nextjs\dataconnect`
E0805 18:56:43.005443    9044 watch.go:76] watchAllDir unable to walk dir `c:\Users\Harman\coding\personal-portfolio-nextjs\dataconnect`: on path "c:\\Users\\Harman\\coding\\personal-portfolio-nextjs\\dataconnect" (DirEntry: <nil>): CreateFile c:\Users\Harman\coding\personal-portfolio-nextjs\dataconnect: The system cannot find the file specified.
 {"metadata":{"emulator":{"name":"dataconnect"},"message":"E0805 18:56:43.005443    9044 load.go:23] Could not load config from \"c:\\\\Users\\\\Harman\\\\coding\\\\personal-portfolio-nextjs\\\\dataconnect\": could not find dataconnect.yaml in `c:\\Users\\Harman\\coding\\personal-portfolio-nextjs\\dataconnect`\nE0805 18:56:43.005443    9044 watch.go:76] watchAllDir unable to walk dir `c:\\Users\\Harman\\coding\\personal-portfolio-nextjs\\dataconnect`: on path \"c:\\\\Users\\\\Harman\\\\coding\\\\personal-portfolio-nextjs\\\\dataconnect\" (DirEntry: <nil>): CreateFile c:\\Users\\Harman\\coding\\personal-portfolio-nextjs\\dataconnect: The system cannot find the file specified.\n"}}
[debug] [2025-08-06T01:56:53.006Z] E0805 18:56:53.005667    9044 load.go:23] Could not load config from "c:\\Users\\Harman\\coding\\personal-portfolio-nextjs\\dataconnect": could not find dataconnect.yaml in `c:\Users\Harman\coding\personal-portfolio-nextjs\dataconnect`
 {"metadata":{"emulator":{"name":"dataconnect"},"message":"E0805 18:56:53.005667    9044 load.go:23] Could not load config from \"c:\\\\Users\\\\Harman\\\\coding\\\\personal-portfolio-nextjs\\\\dataconnect\": could not find dataconnect.yaml in `c:\\Users\\Harman\\coding\\personal-portfolio-nextjs\\dataconnect`\n"}}
[debug] [2025-08-06T01:57:03.007Z] E0805 18:57:03.006445    9044 load.go:23] Could not load config from "c:\\Users\\Harman\\coding\\personal-portfolio-nextjs\\dataconnect": could not find dataconnect.yaml in `c:\Users\Harman\coding\personal-portfolio-nextjs\dataconnect`
 {"metadata":{"emulator":{"name":"dataconnect"},"message":"E0805 18:57:03.006445    9044 load.go:23] Could not load config from \"c:\\\\Users\\\\Harman\\\\coding\\\\personal-portfolio-nextjs\\\\dataconnect\": could not find dataconnect.yaml in `c:\\Users\\Harman\\coding\\personal-portfolio-nextjs\\dataconnect`\n"}}
[debug] [2025-08-06T01:57:13.005Z] E0805 18:57:13.005378    9044 load.go:23] Could not load config from "c:\\Users\\Harman\\coding\\personal-portfolio-nextjs\\dataconnect": could not find dataconnect.yaml in `c:\Users\Harman\coding\personal-portfolio-nextjs\dataconnect`
 {"metadata":{"emulator":{"name":"dataconnect"},"message":"E0805 18:57:13.005378    9044 load.go:23] Could not load config from \"c:\\\\Users\\\\Harman\\\\coding\\\\personal-portfolio-nextjs\\\\dataconnect\": could not find dataconnect.yaml in `c:\\Users\\Harman\\coding\\personal-portfolio-nextjs\\dataconnect`\n"}}
[debug] [2025-08-06T01:57:23.007Z] E0805 18:57:23.007470    9044 load.go:23] Could not load config from "c:\\Users\\Harman\\coding\\personal-portfolio-nextjs\\dataconnect": could not find dataconnect.yaml in `c:\Users\Harman\coding\personal-portfolio-nextjs\dataconnect`
 {"metadata":{"emulator":{"name":"dataconnect"},"message":"E0805 18:57:23.007470    9044 load.go:23] Could not load config from \"c:\\\\Users\\\\Harman\\\\coding\\\\personal-portfolio-nextjs\\\\dataconnect\": could not find dataconnect.yaml in `c:\\Users\\Harman\\coding\\personal-portfolio-nextjs\\dataconnect`\n"}}
[debug] [2025-08-06T01:57:33.007Z] E0805 18:57:33.007368    9044 load.go:23] Could not load config from "c:\\Users\\Harman\\coding\\personal-portfolio-nextjs\\dataconnect": could not find dataconnect.yaml in `c:\Users\Harman\coding\personal-portfolio-nextjs\dataconnect`
 {"metadata":{"emulator":{"name":"dataconnect"},"message":"E0805 18:57:33.007368    9044 load.go:23] Could not load config from \"c:\\\\Users\\\\Harman\\\\coding\\\\personal-portfolio-nextjs\\\\dataconnect\": could not find dataconnect.yaml in `c:\\Users\\Harman\\coding\\personal-portfolio-nextjs\\dataconnect`\n"}}
[debug] [2025-08-06T01:57:43.010Z] E0805 18:57:43.009816    9044 load.go:23] Could not load config from "c:\\Users\\Harman\\coding\\personal-portfolio-nextjs\\dataconnect": could not find dataconnect.yaml in `c:\Users\Harman\coding\personal-portfolio-nextjs\dataconnect`
 {"metadata":{"emulator":{"name":"dataconnect"},"message":"E0805 18:57:43.009816    9044 load.go:23] Could not load config from \"c:\\\\Users\\\\Harman\\\\coding\\\\personal-portfolio-nextjs\\\\dataconnect\": could not find dataconnect.yaml in `c:\\Users\\Harman\\coding\\personal-portfolio-nextjs\\dataconnect`\n"}}
[debug] [2025-08-06T01:57:53.006Z] E0805 18:57:53.006073    9044 load.go:23] Could not load config from "c:\\Users\\Harman\\coding\\personal-portfolio-nextjs\\dataconnect": could not find dataconnect.yaml in `c:\Users\Harman\coding\personal-portfolio-nextjs\dataconnect`
 {"metadata":{"emulator":{"name":"dataconnect"},"message":"E0805 18:57:53.006073    9044 load.go:23] Could not load config from \"c:\\\\Users\\\\Harman\\\\coding\\\\personal-portfolio-nextjs\\\\dataconnect\": could not find dataconnect.yaml in `c:\\Users\\Harman\\coding\\personal-portfolio-nextjs\\dataconnect`\n"}}
[debug] [2025-08-06T01:58:03.032Z] E0805 18:58:03.031734    9044 load.go:23] Could not load config from "c:\\Users\\Harman\\coding\\personal-portfolio-nextjs\\dataconnect": could not find dataconnect.yaml in `c:\Users\Harman\coding\personal-portfolio-nextjs\dataconnect`
 {"metadata":{"emulator":{"name":"dataconnect"},"message":"E0805 18:58:03.031734    9044 load.go:23] Could not load config from \"c:\\\\Users\\\\Harman\\\\coding\\\\personal-portfolio-nextjs\\\\dataconnect\": could not find dataconnect.yaml in `c:\\Users\\Harman\\coding\\personal-portfolio-nextjs\\dataconnect`\n"}}
[debug] [2025-08-06T01:58:13.008Z] E0805 18:58:13.006907    9044 load.go:23] Could not load config from "c:\\Users\\Harman\\coding\\personal-portfolio-nextjs\\dataconnect": could not find dataconnect.yaml in `c:\Users\Harman\coding\personal-portfolio-nextjs\dataconnect`
 {"metadata":{"emulator":{"name":"dataconnect"},"message":"E0805 18:58:13.006907    9044 load.go:23] Could not load config from \"c:\\\\Users\\\\Harman\\\\coding\\\\personal-portfolio-nextjs\\\\dataconnect\": could not find dataconnect.yaml in `c:\\Users\\Harman\\coding\\personal-portfolio-nextjs\\dataconnect`\n"}}
[debug] [2025-08-06T01:58:23.020Z] E0805 18:58:23.020484    9044 load.go:23] Could not load config from "c:\\Users\\Harman\\coding\\personal-portfolio-nextjs\\dataconnect": could not find dataconnect.yaml in `c:\Users\Harman\coding\personal-portfolio-nextjs\dataconnect`
 {"metadata":{"emulator":{"name":"dataconnect"},"message":"E0805 18:58:23.020484    9044 load.go:23] Could not load config from \"c:\\\\Users\\\\Harman\\\\coding\\\\personal-portfolio-nextjs\\\\dataconnect\": could not find dataconnect.yaml in `c:\\Users\\Harman\\coding\\personal-portfolio-nextjs\\dataconnect`\n"}}
[debug] [2025-08-06T01:58:33.006Z] E0805 18:58:33.006306    9044 load.go:23] Could not load config from "c:\\Users\\Harman\\coding\\personal-portfolio-nextjs\\dataconnect": could not find dataconnect.yaml in `c:\Users\Harman\coding\personal-portfolio-nextjs\dataconnect`
 {"metadata":{"emulator":{"name":"dataconnect"},"message":"E0805 18:58:33.006306    9044 load.go:23] Could not load config from \"c:\\\\Users\\\\Harman\\\\coding\\\\personal-portfolio-nextjs\\\\dataconnect\": could not find dataconnect.yaml in `c:\\Users\\Harman\\coding\\personal-portfolio-nextjs\\dataconnect`\n"}}
[debug] [2025-08-06T01:58:43.006Z] E0805 18:58:43.005937    9044 load.go:23] Could not load config from "c:\\Users\\Harman\\coding\\personal-portfolio-nextjs\\dataconnect": could not find dataconnect.yaml in `c:\Users\Harman\coding\personal-portfolio-nextjs\dataconnect`
 {"metadata":{"emulator":{"name":"dataconnect"},"message":"E0805 18:58:43.005937    9044 load.go:23] Could not load config from \"c:\\\\Users\\\\Harman\\\\coding\\\\personal-portfolio-nextjs\\\\dataconnect\": could not find dataconnect.yaml in `c:\\Users\\Harman\\coding\\personal-portfolio-nextjs\\dataconnect`\n"}}
[debug] [2025-08-06T01:58:43.007Z] E0805 18:58:43.006717    9044 watch.go:76] watchAllDir unable to walk dir `c:\Users\Harman\coding\personal-portfolio-nextjs\dataconnect`: on path "c:\\Users\\Harman\\coding\\personal-portfolio-nextjs\\dataconnect" (DirEntry: <nil>): CreateFile c:\Users\Harman\coding\personal-portfolio-nextjs\dataconnect: The system cannot find the file specified.
 {"metadata":{"emulator":{"name":"dataconnect"},"message":"E0805 18:58:43.006717    9044 watch.go:76] watchAllDir unable to walk dir `c:\\Users\\Harman\\coding\\personal-portfolio-nextjs\\dataconnect`: on path \"c:\\\\Users\\\\Harman\\\\coding\\\\personal-portfolio-nextjs\\\\dataconnect\" (DirEntry: <nil>): CreateFile c:\\Users\\Harman\\coding\\personal-portfolio-nextjs\\dataconnect: The system cannot find the file specified.\n"}}
[debug] [2025-08-06T01:58:53.005Z] E0805 18:58:53.005305    9044 load.go:23] Could not load config from "c:\\Users\\Harman\\coding\\personal-portfolio-nextjs\\dataconnect": could not find dataconnect.yaml in `c:\Users\Harman\coding\personal-portfolio-nextjs\dataconnect`
 {"metadata":{"emulator":{"name":"dataconnect"},"message":"E0805 18:58:53.005305    9044 load.go:23] Could not load config from \"c:\\\\Users\\\\Harman\\\\coding\\\\personal-portfolio-nextjs\\\\dataconnect\": could not find dataconnect.yaml in `c:\\Users\\Harman\\coding\\personal-portfolio-nextjs\\dataconnect`\n"}}
[debug] [2025-08-06T01:59:03.005Z] E0805 18:59:03.005421    9044 load.go:23] Could not load config from "c:\\Users\\Harman\\coding\\personal-portfolio-nextjs\\dataconnect": could not find dataconnect.yaml in `c:\Users\Harman\coding\personal-portfolio-nextjs\dataconnect`
 {"metadata":{"emulator":{"name":"dataconnect"},"message":"E0805 18:59:03.005421    9044 load.go:23] Could not load config from \"c:\\\\Users\\\\Harman\\\\coding\\\\personal-portfolio-nextjs\\\\dataconnect\": could not find dataconnect.yaml in `c:\\Users\\Harman\\coding\\personal-portfolio-nextjs\\dataconnect`\n"}}
[debug] [2025-08-06T01:59:13.005Z] E0805 18:59:13.005933    9044 load.go:23] Could not load config from "c:\\Users\\Harman\\coding\\personal-portfolio-nextjs\\dataconnect": could not find dataconnect.yaml in `c:\Users\Harman\coding\personal-portfolio-nextjs\dataconnect`
 {"metadata":{"emulator":{"name":"dataconnect"},"message":"E0805 18:59:13.005933    9044 load.go:23] Could not load config from \"c:\\\\Users\\\\Harman\\\\coding\\\\personal-portfolio-nextjs\\\\dataconnect\": could not find dataconnect.yaml in `c:\\Users\\Harman\\coding\\personal-portfolio-nextjs\\dataconnect`\n"}}
[debug] [2025-08-06T01:59:23.008Z] E0805 18:59:23.008544    9044 load.go:23] Could not load config from "c:\\Users\\Harman\\coding\\personal-portfolio-nextjs\\dataconnect": could not find dataconnect.yaml in `c:\Users\Harman\coding\personal-portfolio-nextjs\dataconnect`
 {"metadata":{"emulator":{"name":"dataconnect"},"message":"E0805 18:59:23.008544    9044 load.go:23] Could not load config from \"c:\\\\Users\\\\Harman\\\\coding\\\\personal-portfolio-nextjs\\\\dataconnect\": could not find dataconnect.yaml in `c:\\Users\\Harman\\coding\\personal-portfolio-nextjs\\dataconnect`\n"}}
[debug] [2025-08-06T01:59:33.005Z] E0805 18:59:33.005728    9044 load.go:23] Could not load config from "c:\\Users\\Harman\\coding\\personal-portfolio-nextjs\\dataconnect": could not find dataconnect.yaml in `c:\Users\Harman\coding\personal-portfolio-nextjs\dataconnect`
 {"metadata":{"emulator":{"name":"dataconnect"},"message":"E0805 18:59:33.005728    9044 load.go:23] Could not load config from \"c:\\\\Users\\\\Harman\\\\coding\\\\personal-portfolio-nextjs\\\\dataconnect\": could not find dataconnect.yaml in `c:\\Users\\Harman\\coding\\personal-portfolio-nextjs\\dataconnect`\n"}}
[debug] [2025-08-06T01:59:43.006Z] E0805 18:59:43.006514    9044 load.go:23] Could not load config from "c:\\Users\\Harman\\coding\\personal-portfolio-nextjs\\dataconnect": could not find dataconnect.yaml in `c:\Users\Harman\coding\personal-portfolio-nextjs\dataconnect`
 {"metadata":{"emulator":{"name":"dataconnect"},"message":"E0805 18:59:43.006514    9044 load.go:23] Could not load config from \"c:\\\\Users\\\\Harman\\\\coding\\\\personal-portfolio-nextjs\\\\dataconnect\": could not find dataconnect.yaml in `c:\\Users\\Harman\\coding\\personal-portfolio-nextjs\\dataconnect`\n"}}
[debug] [2025-08-06T01:59:53.005Z] E0805 18:59:53.005672    9044 load.go:23] Could not load config from "c:\\Users\\Harman\\coding\\personal-portfolio-nextjs\\dataconnect": could not find dataconnect.yaml in `c:\Users\Harman\coding\personal-portfolio-nextjs\dataconnect`
 {"metadata":{"emulator":{"name":"dataconnect"},"message":"E0805 18:59:53.005672    9044 load.go:23] Could not load config from \"c:\\\\Users\\\\Harman\\\\coding\\\\personal-portfolio-nextjs\\\\dataconnect\": could not find dataconnect.yaml in `c:\\Users\\Harman\\coding\\personal-portfolio-nextjs\\dataconnect`\n"}}
[debug] [2025-08-06T02:00:03.005Z] E0805 19:00:03.005748    9044 load.go:23] Could not load config from "c:\\Users\\Harman\\coding\\personal-portfolio-nextjs\\dataconnect": could not find dataconnect.yaml in `c:\Users\Harman\coding\personal-portfolio-nextjs\dataconnect`
 {"metadata":{"emulator":{"name":"dataconnect"},"message":"E0805 19:00:03.005748    9044 load.go:23] Could not load config from \"c:\\\\Users\\\\Harman\\\\coding\\\\personal-portfolio-nextjs\\\\dataconnect\": could not find dataconnect.yaml in `c:\\Users\\Harman\\coding\\personal-portfolio-nextjs\\dataconnect`\n"}}
[debug] [2025-08-06T02:00:13.006Z] E0805 19:00:13.005739    9044 load.go:23] Could not load config from "c:\\Users\\Harman\\coding\\personal-portfolio-nextjs\\dataconnect": could not find dataconnect.yaml in `c:\Users\Harman\coding\personal-portfolio-nextjs\dataconnect`
 {"metadata":{"emulator":{"name":"dataconnect"},"message":"E0805 19:00:13.005739    9044 load.go:23] Could not load config from \"c:\\\\Users\\\\Harman\\\\coding\\\\personal-portfolio-nextjs\\\\dataconnect\": could not find dataconnect.yaml in `c:\\Users\\Harman\\coding\\personal-portfolio-nextjs\\dataconnect`\n"}}
[debug] [2025-08-06T02:00:23.005Z] E0805 19:00:23.005243    9044 load.go:23] Could not load config from "c:\\Users\\Harman\\coding\\personal-portfolio-nextjs\\dataconnect": could not find dataconnect.yaml in `c:\Users\Harman\coding\personal-portfolio-nextjs\dataconnect`
 {"metadata":{"emulator":{"name":"dataconnect"},"message":"E0805 19:00:23.005243    9044 load.go:23] Could not load config from \"c:\\\\Users\\\\Harman\\\\coding\\\\personal-portfolio-nextjs\\\\dataconnect\": could not find dataconnect.yaml in `c:\\Users\\Harman\\coding\\personal-portfolio-nextjs\\dataconnect`\n"}}
[debug] [2025-08-06T02:00:33.006Z] E0805 19:00:33.005675    9044 load.go:23] Could not load config from "c:\\Users\\Harman\\coding\\personal-portfolio-nextjs\\dataconnect": could not find dataconnect.yaml in `c:\Users\Harman\coding\personal-portfolio-nextjs\dataconnect`
 {"metadata":{"emulator":{"name":"dataconnect"},"message":"E0805 19:00:33.005675    9044 load.go:23] Could not load config from \"c:\\\\Users\\\\Harman\\\\coding\\\\personal-portfolio-nextjs\\\\dataconnect\": could not find dataconnect.yaml in `c:\\Users\\Harman\\coding\\personal-portfolio-nextjs\\dataconnect`\n"}}
[debug] [2025-08-06T02:00:43.005Z] E0805 19:00:43.005326    9044 load.go:23] Could not load config from "c:\\Users\\Harman\\coding\\personal-portfolio-nextjs\\dataconnect": could not find dataconnect.yaml in `c:\Users\Harman\coding\personal-portfolio-nextjs\dataconnect`
E0805 19:00:43.005326    9044 watch.go:76] watchAllDir unable to walk dir `c:\Users\Harman\coding\personal-portfolio-nextjs\dataconnect`: on path "c:\\Users\\Harman\\coding\\personal-portfolio-nextjs\\dataconnect" (DirEntry: <nil>): CreateFile c:\Users\Harman\coding\personal-portfolio-nextjs\dataconnect: The system cannot find the file specified.
 {"metadata":{"emulator":{"name":"dataconnect"},"message":"E0805 19:00:43.005326    9044 load.go:23] Could not load config from \"c:\\\\Users\\\\Harman\\\\coding\\\\personal-portfolio-nextjs\\\\dataconnect\": could not find dataconnect.yaml in `c:\\Users\\Harman\\coding\\personal-portfolio-nextjs\\dataconnect`\nE0805 19:00:43.005326    9044 watch.go:76] watchAllDir unable to walk dir `c:\\Users\\Harman\\coding\\personal-portfolio-nextjs\\dataconnect`: on path \"c:\\\\Users\\\\Harman\\\\coding\\\\personal-portfolio-nextjs\\\\dataconnect\" (DirEntry: <nil>): CreateFile c:\\Users\\Harman\\coding\\personal-portfolio-nextjs\\dataconnect: The system cannot find the file specified.\n"}}
[debug] [2025-08-06T02:00:53.005Z] E0805 19:00:53.005377    9044 load.go:23] Could not load config from "c:\\Users\\Harman\\coding\\personal-portfolio-nextjs\\dataconnect": could not find dataconnect.yaml in `c:\Users\Harman\coding\personal-portfolio-nextjs\dataconnect`
 {"metadata":{"emulator":{"name":"dataconnect"},"message":"E0805 19:00:53.005377    9044 load.go:23] Could not load config from \"c:\\\\Users\\\\Harman\\\\coding\\\\personal-portfolio-nextjs\\\\dataconnect\": could not find dataconnect.yaml in `c:\\Users\\Harman\\coding\\personal-portfolio-nextjs\\dataconnect`\n"}}
[debug] [2025-08-06T02:01:03.006Z] E0805 19:01:03.006413    9044 load.go:23] Could not load config from "c:\\Users\\Harman\\coding\\personal-portfolio-nextjs\\dataconnect": could not find dataconnect.yaml in `c:\Users\Harman\coding\personal-portfolio-nextjs\dataconnect`
 {"metadata":{"emulator":{"name":"dataconnect"},"message":"E0805 19:01:03.006413    9044 load.go:23] Could not load config from \"c:\\\\Users\\\\Harman\\\\coding\\\\personal-portfolio-nextjs\\\\dataconnect\": could not find dataconnect.yaml in `c:\\Users\\Harman\\coding\\personal-portfolio-nextjs\\dataconnect`\n"}}
[debug] [2025-08-06T02:01:13.005Z] E0805 19:01:13.005685    9044 load.go:23] Could not load config from "c:\\Users\\Harman\\coding\\personal-portfolio-nextjs\\dataconnect": could not find dataconnect.yaml in `c:\Users\Harman\coding\personal-portfolio-nextjs\dataconnect`
 {"metadata":{"emulator":{"name":"dataconnect"},"message":"E0805 19:01:13.005685    9044 load.go:23] Could not load config from \"c:\\\\Users\\\\Harman\\\\coding\\\\personal-portfolio-nextjs\\\\dataconnect\": could not find dataconnect.yaml in `c:\\Users\\Harman\\coding\\personal-portfolio-nextjs\\dataconnect`\n"}}
[debug] [2025-08-06T02:01:23.007Z] E0805 19:01:23.006416    9044 load.go:23] Could not load config from "c:\\Users\\Harman\\coding\\personal-portfolio-nextjs\\dataconnect": could not find dataconnect.yaml in `c:\Users\Harman\coding\personal-portfolio-nextjs\dataconnect`
 {"metadata":{"emulator":{"name":"dataconnect"},"message":"E0805 19:01:23.006416    9044 load.go:23] Could not load config from \"c:\\\\Users\\\\Harman\\\\coding\\\\personal-portfolio-nextjs\\\\dataconnect\": could not find dataconnect.yaml in `c:\\Users\\Harman\\coding\\personal-portfolio-nextjs\\dataconnect`\n"}}
[debug] [2025-08-06T02:01:33.007Z] E0805 19:01:33.006485    9044 load.go:23] Could not load config from "c:\\Users\\Harman\\coding\\personal-portfolio-nextjs\\dataconnect": could not find dataconnect.yaml in `c:\Users\Harman\coding\personal-portfolio-nextjs\dataconnect`
 {"metadata":{"emulator":{"name":"dataconnect"},"message":"E0805 19:01:33.006485    9044 load.go:23] Could not load config from \"c:\\\\Users\\\\Harman\\\\coding\\\\personal-portfolio-nextjs\\\\dataconnect\": could not find dataconnect.yaml in `c:\\Users\\Harman\\coding\\personal-portfolio-nextjs\\dataconnect`\n"}}
[debug] [2025-08-06T02:01:43.006Z] E0805 19:01:43.006164    9044 load.go:23] Could not load config from "c:\\Users\\Harman\\coding\\personal-portfolio-nextjs\\dataconnect": could not find dataconnect.yaml in `c:\Users\Harman\coding\personal-portfolio-nextjs\dataconnect`
 {"metadata":{"emulator":{"name":"dataconnect"},"message":"E0805 19:01:43.006164    9044 load.go:23] Could not load config from \"c:\\\\Users\\\\Harman\\\\coding\\\\personal-portfolio-nextjs\\\\dataconnect\": could not find dataconnect.yaml in `c:\\Users\\Harman\\coding\\personal-portfolio-nextjs\\dataconnect`\n"}}
[debug] [2025-08-06T02:01:53.008Z] E0805 19:01:53.008036    9044 load.go:23] Could not load config from "c:\\Users\\Harman\\coding\\personal-portfolio-nextjs\\dataconnect": could not find dataconnect.yaml in `c:\Users\Harman\coding\personal-portfolio-nextjs\dataconnect`
 {"metadata":{"emulator":{"name":"dataconnect"},"message":"E0805 19:01:53.008036    9044 load.go:23] Could not load config from \"c:\\\\Users\\\\Harman\\\\coding\\\\personal-portfolio-nextjs\\\\dataconnect\": could not find dataconnect.yaml in `c:\\Users\\Harman\\coding\\personal-portfolio-nextjs\\dataconnect`\n"}}
[debug] [2025-08-06T02:02:03.006Z] E0805 19:02:03.006318    9044 load.go:23] Could not load config from "c:\\Users\\Harman\\coding\\personal-portfolio-nextjs\\dataconnect": could not find dataconnect.yaml in `c:\Users\Harman\coding\personal-portfolio-nextjs\dataconnect`
 {"metadata":{"emulator":{"name":"dataconnect"},"message":"E0805 19:02:03.006318    9044 load.go:23] Could not load config from \"c:\\\\Users\\\\Harman\\\\coding\\\\personal-portfolio-nextjs\\\\dataconnect\": could not find dataconnect.yaml in `c:\\Users\\Harman\\coding\\personal-portfolio-nextjs\\dataconnect`\n"}}
[debug] [2025-08-06T02:02:13.008Z] E0805 19:02:13.008434    9044 load.go:23] Could not load config from "c:\\Users\\Harman\\coding\\personal-portfolio-nextjs\\dataconnect": could not find dataconnect.yaml in `c:\Users\Harman\coding\personal-portfolio-nextjs\dataconnect`
 {"metadata":{"emulator":{"name":"dataconnect"},"message":"E0805 19:02:13.008434    9044 load.go:23] Could not load config from \"c:\\\\Users\\\\Harman\\\\coding\\\\personal-portfolio-nextjs\\\\dataconnect\": could not find dataconnect.yaml in `c:\\Users\\Harman\\coding\\personal-portfolio-nextjs\\dataconnect`\n"}}
[debug] [2025-08-06T02:02:23.006Z] E0805 19:02:23.006291    9044 load.go:23] Could not load config from "c:\\Users\\Harman\\coding\\personal-portfolio-nextjs\\dataconnect": could not find dataconnect.yaml in `c:\Users\Harman\coding\personal-portfolio-nextjs\dataconnect`
 {"metadata":{"emulator":{"name":"dataconnect"},"message":"E0805 19:02:23.006291    9044 load.go:23] Could not load config from \"c:\\\\Users\\\\Harman\\\\coding\\\\personal-portfolio-nextjs\\\\dataconnect\": could not find dataconnect.yaml in `c:\\Users\\Harman\\coding\\personal-portfolio-nextjs\\dataconnect`\n"}}
[debug] [2025-08-06T02:02:33.006Z] E0805 19:02:33.006329    9044 load.go:23] Could not load config from "c:\\Users\\Harman\\coding\\personal-portfolio-nextjs\\dataconnect": could not find dataconnect.yaml in `c:\Users\Harman\coding\personal-portfolio-nextjs\dataconnect`
 {"metadata":{"emulator":{"name":"dataconnect"},"message":"E0805 19:02:33.006329    9044 load.go:23] Could not load config from \"c:\\\\Users\\\\Harman\\\\coding\\\\personal-portfolio-nextjs\\\\dataconnect\": could not find dataconnect.yaml in `c:\\Users\\Harman\\coding\\personal-portfolio-nextjs\\dataconnect`\n"}}
[debug] [2025-08-06T02:02:43.005Z] E0805 19:02:43.005374    9044 load.go:23] Could not load config from "c:\\Users\\Harman\\coding\\personal-portfolio-nextjs\\dataconnect": could not find dataconnect.yaml in `c:\Users\Harman\coding\personal-portfolio-nextjs\dataconnect`
E0805 19:02:43.005948    9044 watch.go:76] watchAllDir unable to walk dir `c:\Users\Harman\coding\personal-portfolio-nextjs\dataconnect`: on path "c:\\Users\\Harman\\coding\\personal-portfolio-nextjs\\dataconnect" (DirEntry: <nil>): CreateFile c:\Users\Harman\coding\personal-portfolio-nextjs\dataconnect: The system cannot find the file specified.
 {"metadata":{"emulator":{"name":"dataconnect"},"message":"E0805 19:02:43.005374    9044 load.go:23] Could not load config from \"c:\\\\Users\\\\Harman\\\\coding\\\\personal-portfolio-nextjs\\\\dataconnect\": could not find dataconnect.yaml in `c:\\Users\\Harman\\coding\\personal-portfolio-nextjs\\dataconnect`\nE0805 19:02:43.005948    9044 watch.go:76] watchAllDir unable to walk dir `c:\\Users\\Harman\\coding\\personal-portfolio-nextjs\\dataconnect`: on path \"c:\\\\Users\\\\Harman\\\\coding\\\\personal-portfolio-nextjs\\\\dataconnect\" (DirEntry: <nil>): CreateFile c:\\Users\\Harman\\coding\\personal-portfolio-nextjs\\dataconnect: The system cannot find the file specified.\n"}}
[debug] [2025-08-06T02:02:53.005Z] E0805 19:02:53.005465    9044 load.go:23] Could not load config from "c:\\Users\\Harman\\coding\\personal-portfolio-nextjs\\dataconnect": could not find dataconnect.yaml in `c:\Users\Harman\coding\personal-portfolio-nextjs\dataconnect`
 {"metadata":{"emulator":{"name":"dataconnect"},"message":"E0805 19:02:53.005465    9044 load.go:23] Could not load config from \"c:\\\\Users\\\\Harman\\\\coding\\\\personal-portfolio-nextjs\\\\dataconnect\": could not find dataconnect.yaml in `c:\\Users\\Harman\\coding\\personal-portfolio-nextjs\\dataconnect`\n"}}
[debug] [2025-08-06T02:03:03.005Z] E0805 19:03:03.005317    9044 load.go:23] Could not load config from "c:\\Users\\Harman\\coding\\personal-portfolio-nextjs\\dataconnect": could not find dataconnect.yaml in `c:\Users\Harman\coding\personal-portfolio-nextjs\dataconnect`
 {"metadata":{"emulator":{"name":"dataconnect"},"message":"E0805 19:03:03.005317    9044 load.go:23] Could not load config from \"c:\\\\Users\\\\Harman\\\\coding\\\\personal-portfolio-nextjs\\\\dataconnect\": could not find dataconnect.yaml in `c:\\Users\\Harman\\coding\\personal-portfolio-nextjs\\dataconnect`\n"}}
[debug] [2025-08-06T02:03:13.007Z] E0805 19:03:13.006792    9044 load.go:23] Could not load config from "c:\\Users\\Harman\\coding\\personal-portfolio-nextjs\\dataconnect": could not find dataconnect.yaml in `c:\Users\Harman\coding\personal-portfolio-nextjs\dataconnect`
 {"metadata":{"emulator":{"name":"dataconnect"},"message":"E0805 19:03:13.006792    9044 load.go:23] Could not load config from \"c:\\\\Users\\\\Harman\\\\coding\\\\personal-portfolio-nextjs\\\\dataconnect\": could not find dataconnect.yaml in `c:\\Users\\Harman\\coding\\personal-portfolio-nextjs\\dataconnect`\n"}}
[debug] [2025-08-06T02:03:23.006Z] E0805 19:03:23.005999    9044 load.go:23] Could not load config from "c:\\Users\\Harman\\coding\\personal-portfolio-nextjs\\dataconnect": could not find dataconnect.yaml in `c:\Users\Harman\coding\personal-portfolio-nextjs\dataconnect`
 {"metadata":{"emulator":{"name":"dataconnect"},"message":"E0805 19:03:23.005999    9044 load.go:23] Could not load config from \"c:\\\\Users\\\\Harman\\\\coding\\\\personal-portfolio-nextjs\\\\dataconnect\": could not find dataconnect.yaml in `c:\\Users\\Harman\\coding\\personal-portfolio-nextjs\\dataconnect`\n"}}
[debug] [2025-08-06T02:03:33.011Z] E0805 19:03:33.008622    9044 load.go:23] Could not load config from "c:\\Users\\Harman\\coding\\personal-portfolio-nextjs\\dataconnect": could not find dataconnect.yaml in `c:\Users\Harman\coding\personal-portfolio-nextjs\dataconnect`
 {"metadata":{"emulator":{"name":"dataconnect"},"message":"E0805 19:03:33.008622    9044 load.go:23] Could not load config from \"c:\\\\Users\\\\Harman\\\\coding\\\\personal-portfolio-nextjs\\\\dataconnect\": could not find dataconnect.yaml in `c:\\Users\\Harman\\coding\\personal-portfolio-nextjs\\dataconnect`\n"}}
[debug] [2025-08-06T02:03:43.006Z] E0805 19:03:43.006320    9044 load.go:23] Could not load config from "c:\\Users\\Harman\\coding\\personal-portfolio-nextjs\\dataconnect": could not find dataconnect.yaml in `c:\Users\Harman\coding\personal-portfolio-nextjs\dataconnect`
 {"metadata":{"emulator":{"name":"dataconnect"},"message":"E0805 19:03:43.006320    9044 load.go:23] Could not load config from \"c:\\\\Users\\\\Harman\\\\coding\\\\personal-portfolio-nextjs\\\\dataconnect\": could not find dataconnect.yaml in `c:\\Users\\Harman\\coding\\personal-portfolio-nextjs\\dataconnect`\n"}}
[debug] [2025-08-06T02:03:53.012Z] E0805 19:03:53.011944    9044 load.go:23] Could not load config from "c:\\Users\\Harman\\coding\\personal-portfolio-nextjs\\dataconnect": could not find dataconnect.yaml in `c:\Users\Harman\coding\personal-portfolio-nextjs\dataconnect`
 {"metadata":{"emulator":{"name":"dataconnect"},"message":"E0805 19:03:53.011944    9044 load.go:23] Could not load config from \"c:\\\\Users\\\\Harman\\\\coding\\\\personal-portfolio-nextjs\\\\dataconnect\": could not find dataconnect.yaml in `c:\\Users\\Harman\\coding\\personal-portfolio-nextjs\\dataconnect`\n"}}
[debug] [2025-08-06T02:04:03.006Z] E0805 19:04:03.005876    9044 load.go:23] Could not load config from "c:\\Users\\Harman\\coding\\personal-portfolio-nextjs\\dataconnect": could not find dataconnect.yaml in `c:\Users\Harman\coding\personal-portfolio-nextjs\dataconnect`
 {"metadata":{"emulator":{"name":"dataconnect"},"message":"E0805 19:04:03.005876    9044 load.go:23] Could not load config from \"c:\\\\Users\\\\Harman\\\\coding\\\\personal-portfolio-nextjs\\\\dataconnect\": could not find dataconnect.yaml in `c:\\Users\\Harman\\coding\\personal-portfolio-nextjs\\dataconnect`\n"}}
[debug] [2025-08-06T02:04:13.005Z] E0805 19:04:13.005385    9044 load.go:23] Could not load config from "c:\\Users\\Harman\\coding\\personal-portfolio-nextjs\\dataconnect": could not find dataconnect.yaml in `c:\Users\Harman\coding\personal-portfolio-nextjs\dataconnect`
 {"metadata":{"emulator":{"name":"dataconnect"},"message":"E0805 19:04:13.005385    9044 load.go:23] Could not load config from \"c:\\\\Users\\\\Harman\\\\coding\\\\personal-portfolio-nextjs\\\\dataconnect\": could not find dataconnect.yaml in `c:\\Users\\Harman\\coding\\personal-portfolio-nextjs\\dataconnect`\n"}}
[debug] [2025-08-06T02:04:23.005Z] E0805 19:04:23.005277    9044 load.go:23] Could not load config from "c:\\Users\\Harman\\coding\\personal-portfolio-nextjs\\dataconnect": could not find dataconnect.yaml in `c:\Users\Harman\coding\personal-portfolio-nextjs\dataconnect`
 {"metadata":{"emulator":{"name":"dataconnect"},"message":"E0805 19:04:23.005277    9044 load.go:23] Could not load config from \"c:\\\\Users\\\\Harman\\\\coding\\\\personal-portfolio-nextjs\\\\dataconnect\": could not find dataconnect.yaml in `c:\\Users\\Harman\\coding\\personal-portfolio-nextjs\\dataconnect`\n"}}
[debug] [2025-08-06T02:04:33.005Z] E0805 19:04:33.005330    9044 load.go:23] Could not load config from "c:\\Users\\Harman\\coding\\personal-portfolio-nextjs\\dataconnect": could not find dataconnect.yaml in `c:\Users\Harman\coding\personal-portfolio-nextjs\dataconnect`
 {"metadata":{"emulator":{"name":"dataconnect"},"message":"E0805 19:04:33.005330    9044 load.go:23] Could not load config from \"c:\\\\Users\\\\Harman\\\\coding\\\\personal-portfolio-nextjs\\\\dataconnect\": could not find dataconnect.yaml in `c:\\Users\\Harman\\coding\\personal-portfolio-nextjs\\dataconnect`\n"}}
[debug] [2025-08-06T02:04:43.007Z] E0805 19:04:43.006835    9044 load.go:23] Could not load config from "c:\\Users\\Harman\\coding\\personal-portfolio-nextjs\\dataconnect": could not find dataconnect.yaml in `c:\Users\Harman\coding\personal-portfolio-nextjs\dataconnect`
 {"metadata":{"emulator":{"name":"dataconnect"},"message":"E0805 19:04:43.006835    9044 load.go:23] Could not load config from \"c:\\\\Users\\\\Harman\\\\coding\\\\personal-portfolio-nextjs\\\\dataconnect\": could not find dataconnect.yaml in `c:\\Users\\Harman\\coding\\personal-portfolio-nextjs\\dataconnect`\n"}}
[debug] [2025-08-06T02:04:43.009Z] E0805 19:04:43.007528    9044 watch.go:76] watchAllDir unable to walk dir `c:\Users\Harman\coding\personal-portfolio-nextjs\dataconnect`: on path "c:\\Users\\Harman\\coding\\personal-portfolio-nextjs\\dataconnect" (DirEntry: <nil>): CreateFile c:\Users\Harman\coding\personal-portfolio-nextjs\dataconnect: The system cannot find the file specified.
 {"metadata":{"emulator":{"name":"dataconnect"},"message":"E0805 19:04:43.007528    9044 watch.go:76] watchAllDir unable to walk dir `c:\\Users\\Harman\\coding\\personal-portfolio-nextjs\\dataconnect`: on path \"c:\\\\Users\\\\Harman\\\\coding\\\\personal-portfolio-nextjs\\\\dataconnect\" (DirEntry: <nil>): CreateFile c:\\Users\\Harman\\coding\\personal-portfolio-nextjs\\dataconnect: The system cannot find the file specified.\n"}}
[debug] [2025-08-06T02:04:53.005Z] E0805 19:04:53.005177    9044 load.go:23] Could not load config from "c:\\Users\\Harman\\coding\\personal-portfolio-nextjs\\dataconnect": could not find dataconnect.yaml in `c:\Users\Harman\coding\personal-portfolio-nextjs\dataconnect`
 {"metadata":{"emulator":{"name":"dataconnect"},"message":"E0805 19:04:53.005177    9044 load.go:23] Could not load config from \"c:\\\\Users\\\\Harman\\\\coding\\\\personal-portfolio-nextjs\\\\dataconnect\": could not find dataconnect.yaml in `c:\\Users\\Harman\\coding\\personal-portfolio-nextjs\\dataconnect`\n"}}
[debug] [2025-08-06T02:05:03.039Z] E0805 19:05:03.039368    9044 load.go:23] Could not load config from "c:\\Users\\Harman\\coding\\personal-portfolio-nextjs\\dataconnect": could not find dataconnect.yaml in `c:\Users\Harman\coding\personal-portfolio-nextjs\dataconnect`
 {"metadata":{"emulator":{"name":"dataconnect"},"message":"E0805 19:05:03.039368    9044 load.go:23] Could not load config from \"c:\\\\Users\\\\Harman\\\\coding\\\\personal-portfolio-nextjs\\\\dataconnect\": could not find dataconnect.yaml in `c:\\Users\\Harman\\coding\\personal-portfolio-nextjs\\dataconnect`\n"}}
[debug] [2025-08-06T02:05:13.005Z] E0805 19:05:13.005578    9044 load.go:23] Could not load config from "c:\\Users\\Harman\\coding\\personal-portfolio-nextjs\\dataconnect": could not find dataconnect.yaml in `c:\Users\Harman\coding\personal-portfolio-nextjs\dataconnect`
 {"metadata":{"emulator":{"name":"dataconnect"},"message":"E0805 19:05:13.005578    9044 load.go:23] Could not load config from \"c:\\\\Users\\\\Harman\\\\coding\\\\personal-portfolio-nextjs\\\\dataconnect\": could not find dataconnect.yaml in `c:\\Users\\Harman\\coding\\personal-portfolio-nextjs\\dataconnect`\n"}}
[debug] [2025-08-06T02:05:23.006Z] E0805 19:05:23.006399    9044 load.go:23] Could not load config from "c:\\Users\\Harman\\coding\\personal-portfolio-nextjs\\dataconnect": could not find dataconnect.yaml in `c:\Users\Harman\coding\personal-portfolio-nextjs\dataconnect`
 {"metadata":{"emulator":{"name":"dataconnect"},"message":"E0805 19:05:23.006399    9044 load.go:23] Could not load config from \"c:\\\\Users\\\\Harman\\\\coding\\\\personal-portfolio-nextjs\\\\dataconnect\": could not find dataconnect.yaml in `c:\\Users\\Harman\\coding\\personal-portfolio-nextjs\\dataconnect`\n"}}
[debug] [2025-08-06T02:05:33.005Z] E0805 19:05:33.005290    9044 load.go:23] Could not load config from "c:\\Users\\Harman\\coding\\personal-portfolio-nextjs\\dataconnect": could not find dataconnect.yaml in `c:\Users\Harman\coding\personal-portfolio-nextjs\dataconnect`
 {"metadata":{"emulator":{"name":"dataconnect"},"message":"E0805 19:05:33.005290    9044 load.go:23] Could not load config from \"c:\\\\Users\\\\Harman\\\\coding\\\\personal-portfolio-nextjs\\\\dataconnect\": could not find dataconnect.yaml in `c:\\Users\\Harman\\coding\\personal-portfolio-nextjs\\dataconnect`\n"}}
[debug] [2025-08-06T02:05:43.008Z] E0805 19:05:43.008031    9044 load.go:23] Could not load config from "c:\\Users\\Harman\\coding\\personal-portfolio-nextjs\\dataconnect": could not find dataconnect.yaml in `c:\Users\Harman\coding\personal-portfolio-nextjs\dataconnect`
 {"metadata":{"emulator":{"name":"dataconnect"},"message":"E0805 19:05:43.008031    9044 load.go:23] Could not load config from \"c:\\\\Users\\\\Harman\\\\coding\\\\personal-portfolio-nextjs\\\\dataconnect\": could not find dataconnect.yaml in `c:\\Users\\Harman\\coding\\personal-portfolio-nextjs\\dataconnect`\n"}}
[debug] [2025-08-06T02:05:53.008Z] E0805 19:05:53.007521    9044 load.go:23] Could not load config from "c:\\Users\\Harman\\coding\\personal-portfolio-nextjs\\dataconnect": could not find dataconnect.yaml in `c:\Users\Harman\coding\personal-portfolio-nextjs\dataconnect`
 {"metadata":{"emulator":{"name":"dataconnect"},"message":"E0805 19:05:53.007521    9044 load.go:23] Could not load config from \"c:\\\\Users\\\\Harman\\\\coding\\\\personal-portfolio-nextjs\\\\dataconnect\": could not find dataconnect.yaml in `c:\\Users\\Harman\\coding\\personal-portfolio-nextjs\\dataconnect`\n"}}
[debug] [2025-08-06T02:06:03.005Z] E0805 19:06:03.005613    9044 load.go:23] Could not load config from "c:\\Users\\Harman\\coding\\personal-portfolio-nextjs\\dataconnect": could not find dataconnect.yaml in `c:\Users\Harman\coding\personal-portfolio-nextjs\dataconnect`
 {"metadata":{"emulator":{"name":"dataconnect"},"message":"E0805 19:06:03.005613    9044 load.go:23] Could not load config from \"c:\\\\Users\\\\Harman\\\\coding\\\\personal-portfolio-nextjs\\\\dataconnect\": could not find dataconnect.yaml in `c:\\Users\\Harman\\coding\\personal-portfolio-nextjs\\dataconnect`\n"}}
[debug] [2025-08-06T02:06:13.006Z] E0805 19:06:13.006135    9044 load.go:23] Could not load config from "c:\\Users\\Harman\\coding\\personal-portfolio-nextjs\\dataconnect": could not find dataconnect.yaml in `c:\Users\Harman\coding\personal-portfolio-nextjs\dataconnect`
 {"metadata":{"emulator":{"name":"dataconnect"},"message":"E0805 19:06:13.006135    9044 load.go:23] Could not load config from \"c:\\\\Users\\\\Harman\\\\coding\\\\personal-portfolio-nextjs\\\\dataconnect\": could not find dataconnect.yaml in `c:\\Users\\Harman\\coding\\personal-portfolio-nextjs\\dataconnect`\n"}}
[debug] [2025-08-06T02:06:23.282Z] E0805 19:06:23.028306    9044 load.go:23] Could not load config from "c:\\Users\\Harman\\coding\\personal-portfolio-nextjs\\dataconnect": could not find dataconnect.yaml in `c:\Users\Harman\coding\personal-portfolio-nextjs\dataconnect`
 {"metadata":{"emulator":{"name":"dataconnect"},"message":"E0805 19:06:23.028306    9044 load.go:23] Could not load config from \"c:\\\\Users\\\\Harman\\\\coding\\\\personal-portfolio-nextjs\\\\dataconnect\": could not find dataconnect.yaml in `c:\\Users\\Harman\\coding\\personal-portfolio-nextjs\\dataconnect`\n"}}
[debug] [2025-08-06T02:06:33.009Z] E0805 19:06:33.009061    9044 load.go:23] Could not load config from "c:\\Users\\Harman\\coding\\personal-portfolio-nextjs\\dataconnect": could not find dataconnect.yaml in `c:\Users\Harman\coding\personal-portfolio-nextjs\dataconnect`
 {"metadata":{"emulator":{"name":"dataconnect"},"message":"E0805 19:06:33.009061    9044 load.go:23] Could not load config from \"c:\\\\Users\\\\Harman\\\\coding\\\\personal-portfolio-nextjs\\\\dataconnect\": could not find dataconnect.yaml in `c:\\Users\\Harman\\coding\\personal-portfolio-nextjs\\dataconnect`\n"}}
[debug] [2025-08-06T02:06:43.005Z] E0805 19:06:43.005939    9044 load.go:23] Could not load config from "c:\\Users\\Harman\\coding\\personal-portfolio-nextjs\\dataconnect": could not find dataconnect.yaml in `c:\Users\Harman\coding\personal-portfolio-nextjs\dataconnect`
 {"metadata":{"emulator":{"name":"dataconnect"},"message":"E0805 19:06:43.005939    9044 load.go:23] Could not load config from \"c:\\\\Users\\\\Harman\\\\coding\\\\personal-portfolio-nextjs\\\\dataconnect\": could not find dataconnect.yaml in `c:\\Users\\Harman\\coding\\personal-portfolio-nextjs\\dataconnect`\n"}}
[debug] [2025-08-06T02:06:43.008Z] E0805 19:06:43.006944    9044 watch.go:76] watchAllDir unable to walk dir `c:\Users\Harman\coding\personal-portfolio-nextjs\dataconnect`: on path "c:\\Users\\Harman\\coding\\personal-portfolio-nextjs\\dataconnect" (DirEntry: <nil>): CreateFile c:\Users\Harman\coding\personal-portfolio-nextjs\dataconnect: The system cannot find the file specified.
 {"metadata":{"emulator":{"name":"dataconnect"},"message":"E0805 19:06:43.006944    9044 watch.go:76] watchAllDir unable to walk dir `c:\\Users\\Harman\\coding\\personal-portfolio-nextjs\\dataconnect`: on path \"c:\\\\Users\\\\Harman\\\\coding\\\\personal-portfolio-nextjs\\\\dataconnect\" (DirEntry: <nil>): CreateFile c:\\Users\\Harman\\coding\\personal-portfolio-nextjs\\dataconnect: The system cannot find the file specified.\n"}}
[debug] [2025-08-06T02:06:53.013Z] E0805 19:06:53.013555    9044 load.go:23] Could not load config from "c:\\Users\\Harman\\coding\\personal-portfolio-nextjs\\dataconnect": could not find dataconnect.yaml in `c:\Users\Harman\coding\personal-portfolio-nextjs\dataconnect`
 {"metadata":{"emulator":{"name":"dataconnect"},"message":"E0805 19:06:53.013555    9044 load.go:23] Could not load config from \"c:\\\\Users\\\\Harman\\\\coding\\\\personal-portfolio-nextjs\\\\dataconnect\": could not find dataconnect.yaml in `c:\\Users\\Harman\\coding\\personal-portfolio-nextjs\\dataconnect`\n"}}
[debug] [2025-08-06T02:07:03.005Z] E0805 19:07:03.005440    9044 load.go:23] Could not load config from "c:\\Users\\Harman\\coding\\personal-portfolio-nextjs\\dataconnect": could not find dataconnect.yaml in `c:\Users\Harman\coding\personal-portfolio-nextjs\dataconnect`
 {"metadata":{"emulator":{"name":"dataconnect"},"message":"E0805 19:07:03.005440    9044 load.go:23] Could not load config from \"c:\\\\Users\\\\Harman\\\\coding\\\\personal-portfolio-nextjs\\\\dataconnect\": could not find dataconnect.yaml in `c:\\Users\\Harman\\coding\\personal-portfolio-nextjs\\dataconnect`\n"}}
[debug] [2025-08-06T02:07:13.008Z] E0805 19:07:13.007674    9044 load.go:23] Could not load config from "c:\\Users\\Harman\\coding\\personal-portfolio-nextjs\\dataconnect": could not find dataconnect.yaml in `c:\Users\Harman\coding\personal-portfolio-nextjs\dataconnect`
 {"metadata":{"emulator":{"name":"dataconnect"},"message":"E0805 19:07:13.007674    9044 load.go:23] Could not load config from \"c:\\\\Users\\\\Harman\\\\coding\\\\personal-portfolio-nextjs\\\\dataconnect\": could not find dataconnect.yaml in `c:\\Users\\Harman\\coding\\personal-portfolio-nextjs\\dataconnect`\n"}}
[debug] [2025-08-06T02:07:23.016Z] E0805 19:07:23.015935    9044 load.go:23] Could not load config from "c:\\Users\\Harman\\coding\\personal-portfolio-nextjs\\dataconnect": could not find dataconnect.yaml in `c:\Users\Harman\coding\personal-portfolio-nextjs\dataconnect`
 {"metadata":{"emulator":{"name":"dataconnect"},"message":"E0805 19:07:23.015935    9044 load.go:23] Could not load config from \"c:\\\\Users\\\\Harman\\\\coding\\\\personal-portfolio-nextjs\\\\dataconnect\": could not find dataconnect.yaml in `c:\\Users\\Harman\\coding\\personal-portfolio-nextjs\\dataconnect`\n"}}
[debug] [2025-08-06T02:07:33.013Z] E0805 19:07:33.013398    9044 load.go:23] Could not load config from "c:\\Users\\Harman\\coding\\personal-portfolio-nextjs\\dataconnect": could not find dataconnect.yaml in `c:\Users\Harman\coding\personal-portfolio-nextjs\dataconnect`
 {"metadata":{"emulator":{"name":"dataconnect"},"message":"E0805 19:07:33.013398    9044 load.go:23] Could not load config from \"c:\\\\Users\\\\Harman\\\\coding\\\\personal-portfolio-nextjs\\\\dataconnect\": could not find dataconnect.yaml in `c:\\Users\\Harman\\coding\\personal-portfolio-nextjs\\dataconnect`\n"}}
[debug] [2025-08-06T02:07:43.047Z] E0805 19:07:43.047346    9044 load.go:23] Could not load config from "c:\\Users\\Harman\\coding\\personal-portfolio-nextjs\\dataconnect": could not find dataconnect.yaml in `c:\Users\Harman\coding\personal-portfolio-nextjs\dataconnect`
 {"metadata":{"emulator":{"name":"dataconnect"},"message":"E0805 19:07:43.047346    9044 load.go:23] Could not load config from \"c:\\\\Users\\\\Harman\\\\coding\\\\personal-portfolio-nextjs\\\\dataconnect\": could not find dataconnect.yaml in `c:\\Users\\Harman\\coding\\personal-portfolio-nextjs\\dataconnect`\n"}}
[debug] [2025-08-06T02:07:53.011Z] E0805 19:07:53.011179    9044 load.go:23] Could not load config from "c:\\Users\\Harman\\coding\\personal-portfolio-nextjs\\dataconnect": could not find dataconnect.yaml in `c:\Users\Harman\coding\personal-portfolio-nextjs\dataconnect`
 {"metadata":{"emulator":{"name":"dataconnect"},"message":"E0805 19:07:53.011179    9044 load.go:23] Could not load config from \"c:\\\\Users\\\\Harman\\\\coding\\\\personal-portfolio-nextjs\\\\dataconnect\": could not find dataconnect.yaml in `c:\\Users\\Harman\\coding\\personal-portfolio-nextjs\\dataconnect`\n"}}
[debug] [2025-08-06T02:08:03.006Z] E0805 19:08:03.006203    9044 load.go:23] Could not load config from "c:\\Users\\Harman\\coding\\personal-portfolio-nextjs\\dataconnect": could not find dataconnect.yaml in `c:\Users\Harman\coding\personal-portfolio-nextjs\dataconnect`
 {"metadata":{"emulator":{"name":"dataconnect"},"message":"E0805 19:08:03.006203    9044 load.go:23] Could not load config from \"c:\\\\Users\\\\Harman\\\\coding\\\\personal-portfolio-nextjs\\\\dataconnect\": could not find dataconnect.yaml in `c:\\Users\\Harman\\coding\\personal-portfolio-nextjs\\dataconnect`\n"}}
[debug] [2025-08-06T02:08:13.006Z] E0805 19:08:13.006607    9044 load.go:23] Could not load config from "c:\\Users\\Harman\\coding\\personal-portfolio-nextjs\\dataconnect": could not find dataconnect.yaml in `c:\Users\Harman\coding\personal-portfolio-nextjs\dataconnect`
 {"metadata":{"emulator":{"name":"dataconnect"},"message":"E0805 19:08:13.006607    9044 load.go:23] Could not load config from \"c:\\\\Users\\\\Harman\\\\coding\\\\personal-portfolio-nextjs\\\\dataconnect\": could not find dataconnect.yaml in `c:\\Users\\Harman\\coding\\personal-portfolio-nextjs\\dataconnect`\n"}}
[debug] [2025-08-06T02:08:23.005Z] E0805 19:08:23.005544    9044 load.go:23] Could not load config from "c:\\Users\\Harman\\coding\\personal-portfolio-nextjs\\dataconnect": could not find dataconnect.yaml in `c:\Users\Harman\coding\personal-portfolio-nextjs\dataconnect`
 {"metadata":{"emulator":{"name":"dataconnect"},"message":"E0805 19:08:23.005544    9044 load.go:23] Could not load config from \"c:\\\\Users\\\\Harman\\\\coding\\\\personal-portfolio-nextjs\\\\dataconnect\": could not find dataconnect.yaml in `c:\\Users\\Harman\\coding\\personal-portfolio-nextjs\\dataconnect`\n"}}
[debug] [2025-08-06T02:08:33.005Z] E0805 19:08:33.005354    9044 load.go:23] Could not load config from "c:\\Users\\Harman\\coding\\personal-portfolio-nextjs\\dataconnect": could not find dataconnect.yaml in `c:\Users\Harman\coding\personal-portfolio-nextjs\dataconnect`
 {"metadata":{"emulator":{"name":"dataconnect"},"message":"E0805 19:08:33.005354    9044 load.go:23] Could not load config from \"c:\\\\Users\\\\Harman\\\\coding\\\\personal-portfolio-nextjs\\\\dataconnect\": could not find dataconnect.yaml in `c:\\Users\\Harman\\coding\\personal-portfolio-nextjs\\dataconnect`\n"}}
[debug] [2025-08-06T02:08:43.005Z] E0805 19:08:43.005450    9044 load.go:23] Could not load config from "c:\\Users\\Harman\\coding\\personal-portfolio-nextjs\\dataconnect": could not find dataconnect.yaml in `c:\Users\Harman\coding\personal-portfolio-nextjs\dataconnect`
 {"metadata":{"emulator":{"name":"dataconnect"},"message":"E0805 19:08:43.005450    9044 load.go:23] Could not load config from \"c:\\\\Users\\\\Harman\\\\coding\\\\personal-portfolio-nextjs\\\\dataconnect\": could not find dataconnect.yaml in `c:\\Users\\Harman\\coding\\personal-portfolio-nextjs\\dataconnect`\n"}}
[debug] [2025-08-06T02:08:43.007Z] E0805 19:08:43.005954    9044 watch.go:76] watchAllDir unable to walk dir `c:\Users\Harman\coding\personal-portfolio-nextjs\dataconnect`: on path "c:\\Users\\Harman\\coding\\personal-portfolio-nextjs\\dataconnect" (DirEntry: <nil>): CreateFile c:\Users\Harman\coding\personal-portfolio-nextjs\dataconnect: The system cannot find the file specified.
 {"metadata":{"emulator":{"name":"dataconnect"},"message":"E0805 19:08:43.005954    9044 watch.go:76] watchAllDir unable to walk dir `c:\\Users\\Harman\\coding\\personal-portfolio-nextjs\\dataconnect`: on path \"c:\\\\Users\\\\Harman\\\\coding\\\\personal-portfolio-nextjs\\\\dataconnect\" (DirEntry: <nil>): CreateFile c:\\Users\\Harman\\coding\\personal-portfolio-nextjs\\dataconnect: The system cannot find the file specified.\n"}}
[debug] [2025-08-06T02:08:53.005Z] E0805 19:08:53.005428    9044 load.go:23] Could not load config from "c:\\Users\\Harman\\coding\\personal-portfolio-nextjs\\dataconnect": could not find dataconnect.yaml in `c:\Users\Harman\coding\personal-portfolio-nextjs\dataconnect`
 {"metadata":{"emulator":{"name":"dataconnect"},"message":"E0805 19:08:53.005428    9044 load.go:23] Could not load config from \"c:\\\\Users\\\\Harman\\\\coding\\\\personal-portfolio-nextjs\\\\dataconnect\": could not find dataconnect.yaml in `c:\\Users\\Harman\\coding\\personal-portfolio-nextjs\\dataconnect`\n"}}
[debug] [2025-08-06T02:09:03.005Z] E0805 19:09:03.005708    9044 load.go:23] Could not load config from "c:\\Users\\Harman\\coding\\personal-portfolio-nextjs\\dataconnect": could not find dataconnect.yaml in `c:\Users\Harman\coding\personal-portfolio-nextjs\dataconnect`
 {"metadata":{"emulator":{"name":"dataconnect"},"message":"E0805 19:09:03.005708    9044 load.go:23] Could not load config from \"c:\\\\Users\\\\Harman\\\\coding\\\\personal-portfolio-nextjs\\\\dataconnect\": could not find dataconnect.yaml in `c:\\Users\\Harman\\coding\\personal-portfolio-nextjs\\dataconnect`\n"}}
[debug] [2025-08-06T02:09:13.007Z] E0805 19:09:13.007326    9044 load.go:23] Could not load config from "c:\\Users\\Harman\\coding\\personal-portfolio-nextjs\\dataconnect": could not find dataconnect.yaml in `c:\Users\Harman\coding\personal-portfolio-nextjs\dataconnect`
 {"metadata":{"emulator":{"name":"dataconnect"},"message":"E0805 19:09:13.007326    9044 load.go:23] Could not load config from \"c:\\\\Users\\\\Harman\\\\coding\\\\personal-portfolio-nextjs\\\\dataconnect\": could not find dataconnect.yaml in `c:\\Users\\Harman\\coding\\personal-portfolio-nextjs\\dataconnect`\n"}}
[debug] [2025-08-06T02:09:23.005Z] E0805 19:09:23.005637    9044 load.go:23] Could not load config from "c:\\Users\\Harman\\coding\\personal-portfolio-nextjs\\dataconnect": could not find dataconnect.yaml in `c:\Users\Harman\coding\personal-portfolio-nextjs\dataconnect`
 {"metadata":{"emulator":{"name":"dataconnect"},"message":"E0805 19:09:23.005637    9044 load.go:23] Could not load config from \"c:\\\\Users\\\\Harman\\\\coding\\\\personal-portfolio-nextjs\\\\dataconnect\": could not find dataconnect.yaml in `c:\\Users\\Harman\\coding\\personal-portfolio-nextjs\\dataconnect`\n"}}
[debug] [2025-08-06T02:09:33.005Z] E0805 19:09:33.005311    9044 load.go:23] Could not load config from "c:\\Users\\Harman\\coding\\personal-portfolio-nextjs\\dataconnect": could not find dataconnect.yaml in `c:\Users\Harman\coding\personal-portfolio-nextjs\dataconnect`
 {"metadata":{"emulator":{"name":"dataconnect"},"message":"E0805 19:09:33.005311    9044 load.go:23] Could not load config from \"c:\\\\Users\\\\Harman\\\\coding\\\\personal-portfolio-nextjs\\\\dataconnect\": could not find dataconnect.yaml in `c:\\Users\\Harman\\coding\\personal-portfolio-nextjs\\dataconnect`\n"}}
[debug] [2025-08-06T02:09:43.006Z] E0805 19:09:43.006225    9044 load.go:23] Could not load config from "c:\\Users\\Harman\\coding\\personal-portfolio-nextjs\\dataconnect": could not find dataconnect.yaml in `c:\Users\Harman\coding\personal-portfolio-nextjs\dataconnect`
 {"metadata":{"emulator":{"name":"dataconnect"},"message":"E0805 19:09:43.006225    9044 load.go:23] Could not load config from \"c:\\\\Users\\\\Harman\\\\coding\\\\personal-portfolio-nextjs\\\\dataconnect\": could not find dataconnect.yaml in `c:\\Users\\Harman\\coding\\personal-portfolio-nextjs\\dataconnect`\n"}}
[debug] [2025-08-06T02:09:53.005Z] E0805 19:09:53.005361    9044 load.go:23] Could not load config from "c:\\Users\\Harman\\coding\\personal-portfolio-nextjs\\dataconnect": could not find dataconnect.yaml in `c:\Users\Harman\coding\personal-portfolio-nextjs\dataconnect`
 {"metadata":{"emulator":{"name":"dataconnect"},"message":"E0805 19:09:53.005361    9044 load.go:23] Could not load config from \"c:\\\\Users\\\\Harman\\\\coding\\\\personal-portfolio-nextjs\\\\dataconnect\": could not find dataconnect.yaml in `c:\\Users\\Harman\\coding\\personal-portfolio-nextjs\\dataconnect`\n"}}
[debug] [2025-08-06T02:10:03.006Z] E0805 19:10:03.006165    9044 load.go:23] Could not load config from "c:\\Users\\Harman\\coding\\personal-portfolio-nextjs\\dataconnect": could not find dataconnect.yaml in `c:\Users\Harman\coding\personal-portfolio-nextjs\dataconnect`
 {"metadata":{"emulator":{"name":"dataconnect"},"message":"E0805 19:10:03.006165    9044 load.go:23] Could not load config from \"c:\\\\Users\\\\Harman\\\\coding\\\\personal-portfolio-nextjs\\\\dataconnect\": could not find dataconnect.yaml in `c:\\Users\\Harman\\coding\\personal-portfolio-nextjs\\dataconnect`\n"}}
[debug] [2025-08-06T02:10:13.006Z] E0805 19:10:13.006287    9044 load.go:23] Could not load config from "c:\\Users\\Harman\\coding\\personal-portfolio-nextjs\\dataconnect": could not find dataconnect.yaml in `c:\Users\Harman\coding\personal-portfolio-nextjs\dataconnect`
 {"metadata":{"emulator":{"name":"dataconnect"},"message":"E0805 19:10:13.006287    9044 load.go:23] Could not load config from \"c:\\\\Users\\\\Harman\\\\coding\\\\personal-portfolio-nextjs\\\\dataconnect\": could not find dataconnect.yaml in `c:\\Users\\Harman\\coding\\personal-portfolio-nextjs\\dataconnect`\n"}}
[debug] [2025-08-06T02:10:23.010Z] E0805 19:10:23.010000    9044 load.go:23] Could not load config from "c:\\Users\\Harman\\coding\\personal-portfolio-nextjs\\dataconnect": could not find dataconnect.yaml in `c:\Users\Harman\coding\personal-portfolio-nextjs\dataconnect`
 {"metadata":{"emulator":{"name":"dataconnect"},"message":"E0805 19:10:23.010000    9044 load.go:23] Could not load config from \"c:\\\\Users\\\\Harman\\\\coding\\\\personal-portfolio-nextjs\\\\dataconnect\": could not find dataconnect.yaml in `c:\\Users\\Harman\\coding\\personal-portfolio-nextjs\\dataconnect`\n"}}
[debug] [2025-08-06T02:10:33.006Z] E0805 19:10:33.006408    9044 load.go:23] Could not load config from "c:\\Users\\Harman\\coding\\personal-portfolio-nextjs\\dataconnect": could not find dataconnect.yaml in `c:\Users\Harman\coding\personal-portfolio-nextjs\dataconnect`
 {"metadata":{"emulator":{"name":"dataconnect"},"message":"E0805 19:10:33.006408    9044 load.go:23] Could not load config from \"c:\\\\Users\\\\Harman\\\\coding\\\\personal-portfolio-nextjs\\\\dataconnect\": could not find dataconnect.yaml in `c:\\Users\\Harman\\coding\\personal-portfolio-nextjs\\dataconnect`\n"}}
[debug] [2025-08-06T02:10:43.005Z] E0805 19:10:43.005367    9044 load.go:23] Could not load config from "c:\\Users\\Harman\\coding\\personal-portfolio-nextjs\\dataconnect": could not find dataconnect.yaml in `c:\Users\Harman\coding\personal-portfolio-nextjs\dataconnect`
E0805 19:10:43.005367    9044 watch.go:76] watchAllDir unable to walk dir `c:\Users\Harman\coding\personal-portfolio-nextjs\dataconnect`: on path "c:\\Users\\Harman\\coding\\personal-portfolio-nextjs\\dataconnect" (DirEntry: <nil>): CreateFile c:\Users\Harman\coding\personal-portfolio-nextjs\dataconnect: The system cannot find the file specified.
 {"metadata":{"emulator":{"name":"dataconnect"},"message":"E0805 19:10:43.005367    9044 load.go:23] Could not load config from \"c:\\\\Users\\\\Harman\\\\coding\\\\personal-portfolio-nextjs\\\\dataconnect\": could not find dataconnect.yaml in `c:\\Users\\Harman\\coding\\personal-portfolio-nextjs\\dataconnect`\nE0805 19:10:43.005367    9044 watch.go:76] watchAllDir unable to walk dir `c:\\Users\\Harman\\coding\\personal-portfolio-nextjs\\dataconnect`: on path \"c:\\\\Users\\\\Harman\\\\coding\\\\personal-portfolio-nextjs\\\\dataconnect\" (DirEntry: <nil>): CreateFile c:\\Users\\Harman\\coding\\personal-portfolio-nextjs\\dataconnect: The system cannot find the file specified.\n"}}
[debug] [2025-08-06T02:10:53.005Z] E0805 19:10:53.006000    9044 load.go:23] Could not load config from "c:\\Users\\Harman\\coding\\personal-portfolio-nextjs\\dataconnect": could not find dataconnect.yaml in `c:\Users\Harman\coding\personal-portfolio-nextjs\dataconnect`
 {"metadata":{"emulator":{"name":"dataconnect"},"message":"E0805 19:10:53.006000    9044 load.go:23] Could not load config from \"c:\\\\Users\\\\Harman\\\\coding\\\\personal-portfolio-nextjs\\\\dataconnect\": could not find dataconnect.yaml in `c:\\Users\\Harman\\coding\\personal-portfolio-nextjs\\dataconnect`\n"}}
[debug] [2025-08-06T02:11:03.005Z] E0805 19:11:03.005509    9044 load.go:23] Could not load config from "c:\\Users\\Harman\\coding\\personal-portfolio-nextjs\\dataconnect": could not find dataconnect.yaml in `c:\Users\Harman\coding\personal-portfolio-nextjs\dataconnect`
 {"metadata":{"emulator":{"name":"dataconnect"},"message":"E0805 19:11:03.005509    9044 load.go:23] Could not load config from \"c:\\\\Users\\\\Harman\\\\coding\\\\personal-portfolio-nextjs\\\\dataconnect\": could not find dataconnect.yaml in `c:\\Users\\Harman\\coding\\personal-portfolio-nextjs\\dataconnect`\n"}}
